Saved config → /home/kenzhayd/projects/def-vhenault/kenzhayd/mock_cluster/results/small_sigmas_16r_192c/config.json
Saved args   → /home/kenzhayd/projects/def-vhenault/kenzhayd/mock_cluster/results/small_sigmas_16r_192c/args.txt
Smmary written to /home/kenzhayd/projects/def-vhenault/kenzhayd/mock_cluster/results/small_sigmas_16r_192c/summary.txt
ℓπcallback(θ): 0.000056 seconds
∇ℓπcallback(θ): 0.002989 seconds (7 allocations: 181.062 KiB)
Model compiled. Number of free parameters: 49
Fresh run
────────────────────────────────────────────────────────────────────────────────────────────────────────────────────────
  scans     restarts      Λ        Λ_var      time(s)    allc(B)  log(Z₁/Z₀)   min(α)     mean(α)    min(αₑ)   mean(αₑ) 
────────── ────────── ────────── ────────── ────────── ────────── ────────── ────────── ────────── ────────── ──────────
        2          0       7.97       6.89       1.45   9.74e+07  -2.54e+11          0      0.961          1          1 
        4          0       12.1       13.2      0.996   2.75e+06  -2.52e+09          0      0.934          1          1 
        8          0       20.8       16.8          2   5.54e+06  -1.13e+08          0      0.902          1          1 
       16          0       28.9       21.3          4    1.1e+07  -4.85e+06          0      0.869          1          1 
       32          0       30.1         26       8.06   1.93e+07  -1.51e+05          0      0.853          1          1 
       64          0       34.5       12.9       18.8   3.93e+09  -5.91e+03          0      0.876          1          1 
      128          0         36       13.5       37.1   8.14e+09  -5.89e+03   1.17e-47      0.871          1          1 
      256          0       37.8       16.9         74   1.61e+10  -5.85e+03   0.000426      0.857          1          1 
      512          1       39.9       21.1        148   3.07e+10  -5.79e+03     0.0328      0.841          1          1 
 1.02e+03          1       42.7       26.7        294   5.88e+10  -5.69e+03       0.18      0.819          1          1 
 2.05e+03          4       45.3       30.4        586   1.15e+11  -5.56e+03      0.488      0.802          1          1 
  4.1e+03         12       46.3       31.3   1.17e+03   2.32e+11  -5.33e+03      0.422      0.797          1          1 
 8.19e+03         17         46       29.5   2.34e+03   4.61e+11  -5.05e+03      0.434      0.803          1          1 
 1.64e+04         23       46.2       27.4   4.68e+03   9.24e+11  -4.82e+03      0.506      0.808          1          1 
 3.28e+04         21       47.4       29.5   9.38e+03   1.83e+12  -4.64e+03      0.108      0.799          1          1 
 6.55e+04         30       50.6       33.9   1.87e+04   3.62e+12  -4.22e+03      0.134      0.779          1          1 
────────────────────────────────────────────────────────────────────────────────────────────────────────────────────────
PT folder: /home/kenzhayd/projects/def-vhenault/kenzhayd/mock_cluster/results/all/2026-05-06-00-58-45-0HajKrIC

=== IMBH MASS RECOVERY? ===
True mass: 63730.0
Recovered median M [M☉]: [49901.58702374851, 60927.57241040943]
