ℓπcallback(θ): 0.000071 seconds
∇ℓπcallback(θ): 0.003512 seconds (7 allocations: 181.062 KiB)
Model compiled. Number of free parameters: 49
Fresh run
────────────────────────────────────────────────────────────────────────────────────────────────────────────────────────
  scans     restarts      Λ        Λ_var      time(s)    allc(B)  log(Z₁/Z₀)   min(α)     mean(α)    min(αₑ)   mean(αₑ) 
────────── ────────── ────────── ────────── ────────── ────────── ────────── ────────── ────────── ────────── ──────────
        2          0       7.22       9.84       1.15    4.3e+07  -9.13e+07          0      0.955          1          1 
        4          0         15       15.2      0.875   2.75e+06  -7.52e+06          0      0.921          1          1 
        8          0       19.3       19.5       1.74   5.55e+06  -4.68e+05          0      0.899          1          1 
       16          0         23         23        3.5    1.1e+07  -2.72e+03          0       0.88          1          1 
       32          0       25.8       27.1       7.09   1.92e+07  -1.69e+03          0      0.862          1          1 
       64          0       28.5       11.9       16.3   2.94e+09       -833   1.18e-38      0.895          1          1 
      128          0       31.6       12.5       31.9   5.96e+09       -702   1.54e-05      0.885          1          1 
      256          0       33.6       13.5       63.6   1.18e+10       -687      0.133      0.877          1          1 
      512          0       34.8       13.9        128   2.36e+10       -669      0.335      0.873          1          1 
 1.02e+03          0       35.3       14.5        255    4.7e+10       -650      0.704       0.87          1          1 
 2.05e+03          2       35.4       14.6        509   9.37e+10       -636      0.726      0.869          1          1 
  4.1e+03          4       35.7       15.1   1.01e+03   1.87e+11       -623      0.756      0.867          1          1 
 8.19e+03         21       35.8       15.6   2.01e+03   3.73e+11       -611      0.783      0.866          1          1 
 1.64e+04         71         36       16.4   4.02e+03   7.43e+11       -603      0.795      0.863          1          1 
 3.28e+04        207       36.1       16.8   8.06e+03   1.48e+12       -598      0.784      0.862          1          1 
 6.55e+04        337       36.2       17.1   1.61e+04   2.92e+12       -594      0.776      0.861          1          1 
────────────────────────────────────────────────────────────────────────────────────────────────────────────────────────
PT folder: /home/kenzhayd/projects/def-vhenault/kenzhayd/mock_cluster/results/all/2026-05-03-19-03-19-89QVandb

=== IMBH MASS RECOVERY? ===
True mass: 23730.0
Recovered median M [M☉]: [99695.38708204817, 99970.69136389285]
