ℓπcallback(θ): 0.000062 seconds
∇ℓπcallback(θ): 0.003101 seconds (7 allocations: 181.062 KiB)
Model compiled. Number of free parameters: 49
Fresh run
────────────────────────────────────────────────────────────────────────────────────────────────────────────────────────
  scans     restarts      Λ        Λ_var      time(s)    allc(B)  log(Z₁/Z₀)   min(α)     mean(α)    min(αₑ)   mean(αₑ) 
────────── ────────── ────────── ────────── ────────── ────────── ────────── ────────── ────────── ────────── ──────────
        2          0       12.2       11.2       1.15    4.3e+07  -1.35e+08          0      0.939          1          1 
        4          0       12.6       18.4      0.865   2.74e+06  -4.11e+03          0      0.919          1          1 
        8          0       19.6       23.6       1.71   5.49e+06       -596          0      0.887          1          1 
       16          0         22       27.8       3.37    1.1e+07       -589          0       0.87          1          1 
       32          0       27.5       29.9       6.89   1.89e+07       -580  2.76e-310       0.85          1          1 
       64          0       28.9       11.9       16.2   2.87e+09       -948   2.92e-50      0.893          1          1 
      128          0         31       12.7       31.1   5.96e+09       -711   1.72e-05      0.886          1          1 
      256          0       33.7         13       62.1    1.2e+10       -702     0.0383      0.878          1          1 
      512          0       35.3       13.3        125   2.39e+10       -697      0.256      0.873          1          1 
 1.02e+03          1       36.2       13.7        248   4.76e+10       -692       0.65       0.87          1          1 
 2.05e+03          7       36.2       14.1        499   9.52e+10       -685      0.766      0.869          1          1 
  4.1e+03         10       36.7       14.5      1e+03    1.9e+11       -677      0.769      0.866          1          1 
 8.19e+03         35       36.8         15   2.02e+03   3.81e+11       -669      0.778      0.865          1          1 
 1.64e+04         93       36.8       15.8   4.06e+03   7.61e+11       -660       0.79      0.863          1          1 
 3.28e+04        177       36.9       16.8    8.1e+03   1.51e+12       -648      0.778       0.86          1          1 
 6.55e+04        231       37.1       17.8   1.62e+04   2.96e+12       -639      0.783      0.856          1          1 
────────────────────────────────────────────────────────────────────────────────────────────────────────────────────────
PT folder: /home/kenzhayd/projects/def-vhenault/kenzhayd/mock_cluster/results/all/2026-05-03-18-31-58-f00q4HLJ

=== IMBH MASS RECOVERY? ===
True mass: 63730.0
Recovered median M [M☉]: [99672.94424498692, 99968.57987688866]
