ERROR: LoadError: ArgumentError: Package Tables [bd369af6-aec1-5ad0-b16a-f7cc5008161c] is required but does not seem to be installed:
 - Run `Pkg.instantiate()` to install all recorded dependencies.

Stacktrace:
  [1] _require(pkg::Base.PkgId, env::String)
    @ Base ./loading.jl:1996
  [2] __require_prelocked(uuidkey::Base.PkgId, env::String)
    @ Base ./loading.jl:1882
  [3] #invoke_in_world#3
    @ ./essentials.jl:926 [inlined]
  [4] invoke_in_world
    @ ./essentials.jl:923 [inlined]
  [5] _require_prelocked(uuidkey::Base.PkgId, env::String)
    @ Base ./loading.jl:1873
  [6] macro expansion
    @ ./loading.jl:1860 [inlined]
  [7] macro expansion
    @ ./lock.jl:267 [inlined]
  [8] __require(into::Module, mod::Symbol)
    @ Base ./loading.jl:1823
  [9] #invoke_in_world#3
    @ ./essentials.jl:926 [inlined]
 [10] invoke_in_world
    @ ./essentials.jl:923 [inlined]
 [11] require(into::Module, mod::Symbol)
    @ Base ./loading.jl:1816
 [12] include
    @ ./Base.jl:495 [inlined]
 [13] include_package_for_output(pkg::Base.PkgId, input::String, depot_path::Vector{String}, dl_load_path::Vector{String}, load_path::Vector{String}, concrete_deps::Vector{Pair{Base.PkgId, UInt128}}, source::String)
    @ Base ./loading.jl:2292
 [14] top-level scope
    @ stdin:4
in expression starting at /lustre09/project/6039459/vhenault/OCen_IMBH/Octofitter_imbh.jl/src/Octofitter.jl:1
in expression starting at stdin:4
ERROR: LoadError: Failed to precompile Octofitter [daf3887e-d01a-44a1-9d7e-98f15c5d69c9] to "/home/vhenault/.julia/compiled/v1.10/Octofitter/jl_KX0Vbw".
Stacktrace:
  [1] error(s::String)
    @ Base ./error.jl:35
  [2] compilecache(pkg::Base.PkgId, path::String, internal_stderr::IO, internal_stdout::IO, keep_loaded_modules::Bool)
    @ Base ./loading.jl:2539
  [3] compilecache
    @ ./loading.jl:2411 [inlined]
  [4] (::Base.var"#971#972"{Base.PkgId})()
    @ Base ./loading.jl:2044
  [5] mkpidlock(f::Base.var"#971#972"{Base.PkgId}, at::String, pid::Int32; kwopts::@Kwargs{stale_age::Int64, wait::Bool})
    @ FileWatching.Pidfile /cvmfs/soft.computecanada.ca/easybuild/software/2023/x86-64-v3/Core/julia/1.10.10/share/julia/stdlib/v1.10/FileWatching/src/pidfile.jl:93
  [6] #mkpidlock#6
    @ /cvmfs/soft.computecanada.ca/easybuild/software/2023/x86-64-v3/Core/julia/1.10.10/share/julia/stdlib/v1.10/FileWatching/src/pidfile.jl:88 [inlined]
  [7] trymkpidlock(::Function, ::Vararg{Any}; kwargs::@Kwargs{stale_age::Int64})
    @ FileWatching.Pidfile /cvmfs/soft.computecanada.ca/easybuild/software/2023/x86-64-v3/Core/julia/1.10.10/share/julia/stdlib/v1.10/FileWatching/src/pidfile.jl:111
  [8] #invokelatest#2
    @ ./essentials.jl:894 [inlined]
  [9] invokelatest
    @ ./essentials.jl:889 [inlined]
 [10] maybe_cachefile_lock(f::Base.var"#971#972"{Base.PkgId}, pkg::Base.PkgId, srcpath::String; stale_age::Int64)
    @ Base ./loading.jl:3054
 [11] maybe_cachefile_lock
    @ ./loading.jl:3051 [inlined]
 [12] _require(pkg::Base.PkgId, env::String)
    @ Base ./loading.jl:2040
 [13] __require_prelocked(uuidkey::Base.PkgId, env::String)
    @ Base ./loading.jl:1882
 [14] #invoke_in_world#3
    @ ./essentials.jl:926 [inlined]
 [15] invoke_in_world
    @ ./essentials.jl:923 [inlined]
 [16] _require_prelocked(uuidkey::Base.PkgId, env::String)
    @ Base ./loading.jl:1873
 [17] macro expansion
    @ ./loading.jl:1860 [inlined]
 [18] macro expansion
    @ ./lock.jl:267 [inlined]
 [19] __require(into::Module, mod::Symbol)
    @ Base ./loading.jl:1823
 [20] #invoke_in_world#3
    @ ./essentials.jl:926 [inlined]
 [21] invoke_in_world
    @ ./essentials.jl:923 [inlined]
 [22] require(into::Module, mod::Symbol)
    @ Base ./loading.jl:1816
in expression starting at /lustre09/project/6039459/vhenault/OCen_IMBH/Ocen_IMBH_analysis/launch_scripts/octo_orbit_direct_likelihoods.jl:16
