┌ Warning: Circular dependency detected.
│ Precompilation will be skipped for dependencies in this cycle:
│  ┌ Octofitter → OctofitterPairPlotsExt
│  └─ Octofitter → OctofitterMakieExt
│ Precompilation will also be skipped for the following, which depend on the above cycle:
│   Octofitter → OctofitterPigeonsExt
└ @ Pkg.API.Precompilation /cvmfs/soft.computecanada.ca/easybuild/software/2023/x86-64-v3/Core/julia/1.10.10/share/julia/stdlib/v1.10/Pkg/src/precompilation.jl:583
┌ Warning: could not download https://pkg.julialang.org/registries
│   exception = RequestError: Failed to connect to pkg.julialang.org port 443 after 30005 ms: Timeout was reached while requesting https://pkg.julialang.org/registries
└ @ Pkg.Registry /cvmfs/soft.computecanada.ca/easybuild/software/2023/x86-64-v3/Core/julia/1.10.10/share/julia/stdlib/v1.10/Pkg/src/Registry/Registry.jl:69
    Updating registry at `~/.julia/registries/General.toml`
   Resolving package versions...
  No Changes to `/lustre09/project/6039459/vhenault/OCen_IMBH/Octofitter_imbh.jl/Project.toml`
  No Changes to `/lustre09/project/6039459/vhenault/OCen_IMBH/Octofitter_imbh.jl/Manifest.toml`
┌ Warning: Circular dependency detected.
│ Precompilation will be skipped for dependencies in this cycle:
│  ┌ Octofitter → OctofitterPairPlotsExt
│  └─ Octofitter → OctofitterMakieExt
│ Precompilation will also be skipped for the following, which depend on the above cycle:
│   Octofitter → OctofitterPigeonsExt
└ @ Pkg.API.Precompilation /cvmfs/soft.computecanada.ca/easybuild/software/2023/x86-64-v3/Core/julia/1.10.10/share/julia/stdlib/v1.10/Pkg/src/precompilation.jl:583
Loaded config: /lustre09/project/6039459/vhenault/OCen_IMBH/Ocen_IMBH_analysis/configs/15rounds_5stars.toml
[ Info: Preparing model
┌ Info: Determined number of free variables
└   D = 49
┌ Info: Determined number type
└   T = Float64
ℓπcallback(θ): 0.000039 seconds
∇ℓπcallback(θ): 0.002396 seconds (7 allocations: 181.047 KiB)
Run summary written to /lustre09/project/6039459/vhenault/OCen_IMBH/Ocen_IMBH_analysis/configs/../results/run_outputs/starsACDEF_192c_15r_9643638_summary.md
┌ Warning: This model has priors that cannot be sampled IID.
└ @ OctofitterPigeonsExt /lustre09/project/6039459/vhenault/OCen_IMBH/Octofitter_imbh.jl/ext/OctofitterPigeonsExt/OctofitterPigeonsExt.jl:105
[ Info: Sampler running with multiple threads     : true
[ Info: Likelihood evaluated with multiple threads: false
┌ Info: Starting values not provided for all parameters! Guessing starting point using global optimization:
│   num_params = 49
└   num_fixed = 0
┌ Info: Found sample of initial positions
│   logpost_range = (-9.512110767404138, 4.209196230599872)
└   mean_logpost = -3.606025944612935
────────────────────────────────────────────────────────────────────────────────────────────────────────────────────────
  scans     restarts      Λ        Λ_var      time(s)    allc(B)  log(Z₁/Z₀)   min(α)     mean(α)    min(αₑ)   mean(αₑ) 
────────── ────────── ────────── ────────── ────────── ────────── ────────── ────────── ────────── ────────── ──────────
        2          0       9.09       8.61      0.936   3.53e+07  -8.99e+06          0      0.954          1          1 
        4          0       12.8       10.8       0.53   2.83e+06  -1.65e+05          0      0.938          1          1 
        8          0       15.5       15.8       1.05   5.71e+06  -1.13e+05          0      0.918          1          1 
       16          0       20.3       19.7       2.14   1.13e+07  -1.39e+03          0      0.896          1          1 
       32          0       24.5       24.6       4.24      2e+07      -21.4   1.57e-18      0.872          1          1 
       64          0       26.2       11.1       9.08   2.92e+09       -335   5.24e-12      0.903          1          1 
      128          0         28       11.5       17.2   6.03e+09       -124     0.0203      0.897          1          1 
      256          0       28.9       11.9       34.7   1.19e+10       -117      0.224      0.893          1          1 
      512          1       29.9       12.9       76.4   2.36e+10       -110      0.673      0.888          1          1 
 1.02e+03          1         30       13.6        151   4.69e+10       -105      0.801      0.886          1          1 
 2.05e+03          4       30.4       14.4        308   9.26e+10       -100      0.805      0.883          1          1 
  4.1e+03         19       30.5       15.5        636   1.84e+11      -93.9      0.822       0.88          1          1 
 8.19e+03         40       30.9       16.6   1.26e+03   3.64e+11      -86.5      0.764      0.876          1          1 
 1.64e+04         98         31       16.8   2.52e+03   7.17e+11      -81.3      0.821      0.875          1          1 
 3.28e+04        200       31.1       17.2   5.09e+03   1.43e+12      -78.2      0.826      0.874          1          1 
────────────────────────────────────────────────────────────────────────────────────────────────────────────────────────
MCMC chain (32768×83×1 Array{Float64, 3})

=== Posterior summaries (median, 68% CI) ===
Param                     Median  [     16%,      84%]
M_IMBH [10⁴ M☉]           11.437  [  10.786,   11.840]
plx [mas]                  0.193  [   0.190,    0.197]
offsetx [mas]             -0.110  [  -9.913,   10.031]
offsety [mas]             -1.029  [ -11.508,    9.271]
A: a [AU]               7415.528  [6278.828, 8371.353]
A: e                       0.092  [   0.026,    0.250]
A: i [°]                  83.029  [  82.058,   83.777]
A: ω [°]                  55.268  [  13.997,  114.865]
A: Ω [°]                  55.669  [  54.415,   56.712]
C: a [AU]              10598.745  [8629.710, 12158.529]
C: e                       0.084  [   0.024,    0.189]
C: i [°]                  65.790  [  61.844,   68.567]
C: ω [°]                 -43.517  [-111.012,   67.671]
C: Ω [°]                -166.062  [-170.738,   11.937]
D: a [AU]              14186.668  [11036.679, 17524.393]
D: e                       0.153  [   0.040,    0.299]
D: i [°]                  75.575  [  72.808,   77.658]
D: ω [°]                  73.764  [  35.511,  119.100]
D: Ω [°]                 124.544  [ 121.872,  127.303]
E: a [AU]              14450.413  [12332.119, 17870.321]
E: e                       0.139  [   0.043,    0.335]
E: i [°]                  98.295  [  97.331,   99.646]
E: ω [°]                   4.867  [ -23.590,   22.348]
E: Ω [°]                 -57.831  [ -59.423,  -55.081]
F: a [AU]              20931.803  [18704.000, 23339.021]
F: e                       0.056  [   0.015,    0.126]
F: i [°]                  40.141  [  34.139,   45.467]
F: ω [°]                  56.563  [  16.047,  104.854]
F: Ω [°]                -160.752  [-176.983,  176.140]

Generating orbit panels...
┌ Warning: `arrows` are deprecated in favor of `arrows2d` and `arrows3d`.
└ @ Makie ~/.julia/packages/Makie/kJl0u/src/basic_recipes/arrows.jl:166
┌ Warning: arrowsize has been deprecated in favor of tipwidth and tiplength.
└ @ Makie ~/.julia/packages/Makie/kJl0u/src/basic_recipes/arrows.jl:206
┌ Warning: `arrows` are deprecated in favor of `arrows2d` and `arrows3d`.
└ @ Makie ~/.julia/packages/Makie/kJl0u/src/basic_recipes/arrows.jl:166
┌ Warning: arrowsize has been deprecated in favor of tipwidth and tiplength.
└ @ Makie ~/.julia/packages/Makie/kJl0u/src/basic_recipes/arrows.jl:206
┌ Warning: `arrows` are deprecated in favor of `arrows2d` and `arrows3d`.
└ @ Makie ~/.julia/packages/Makie/kJl0u/src/basic_recipes/arrows.jl:166
┌ Warning: arrowsize has been deprecated in favor of tipwidth and tiplength.
└ @ Makie ~/.julia/packages/Makie/kJl0u/src/basic_recipes/arrows.jl:206
┌ Warning: `arrows` are deprecated in favor of `arrows2d` and `arrows3d`.
└ @ Makie ~/.julia/packages/Makie/kJl0u/src/basic_recipes/arrows.jl:166
┌ Warning: arrowsize has been deprecated in favor of tipwidth and tiplength.
└ @ Makie ~/.julia/packages/Makie/kJl0u/src/basic_recipes/arrows.jl:206
┌ Warning: `arrows` are deprecated in favor of `arrows2d` and `arrows3d`.
└ @ Makie ~/.julia/packages/Makie/kJl0u/src/basic_recipes/arrows.jl:166
┌ Warning: arrowsize has been deprecated in favor of tipwidth and tiplength.
└ @ Makie ~/.julia/packages/Makie/kJl0u/src/basic_recipes/arrows.jl:206
┌ Warning: `arrows` are deprecated in favor of `arrows2d` and `arrows3d`.
└ @ Makie ~/.julia/packages/Makie/kJl0u/src/basic_recipes/arrows.jl:166
┌ Warning: arrowsize has been deprecated in favor of tipwidth and tiplength.
└ @ Makie ~/.julia/packages/Makie/kJl0u/src/basic_recipes/arrows.jl:206
┌ Warning: `arrows` are deprecated in favor of `arrows2d` and `arrows3d`.
└ @ Makie ~/.julia/packages/Makie/kJl0u/src/basic_recipes/arrows.jl:166
┌ Warning: arrowsize has been deprecated in favor of tipwidth and tiplength.
└ @ Makie ~/.julia/packages/Makie/kJl0u/src/basic_recipes/arrows.jl:206
┌ Warning: `arrows` are deprecated in favor of `arrows2d` and `arrows3d`.
└ @ Makie ~/.julia/packages/Makie/kJl0u/src/basic_recipes/arrows.jl:166
┌ Warning: arrowsize has been deprecated in favor of tipwidth and tiplength.
└ @ Makie ~/.julia/packages/Makie/kJl0u/src/basic_recipes/arrows.jl:206
┌ Warning: `arrows` are deprecated in favor of `arrows2d` and `arrows3d`.
└ @ Makie ~/.julia/packages/Makie/kJl0u/src/basic_recipes/arrows.jl:166
┌ Warning: arrowsize has been deprecated in favor of tipwidth and tiplength.
└ @ Makie ~/.julia/packages/Makie/kJl0u/src/basic_recipes/arrows.jl:206
┌ Warning: `arrows` are deprecated in favor of `arrows2d` and `arrows3d`.
└ @ Makie ~/.julia/packages/Makie/kJl0u/src/basic_recipes/arrows.jl:166
┌ Warning: arrowsize has been deprecated in favor of tipwidth and tiplength.
└ @ Makie ~/.julia/packages/Makie/kJl0u/src/basic_recipes/arrows.jl:206
Orbit panels saved to starsACDEF_192c_15r_9643638_orbit_panels.png
Generating posterior panels...
Posterior panels saved to starsACDEF_192c_15r_9643638_posteriors.png
