┌ Warning: Circular dependency detected.
│ Precompilation will be skipped for dependencies in this cycle:
│  ┌ Octofitter → OctofitterPairPlotsExt
│  └─ Octofitter → OctofitterMakieExt
│ Precompilation will also be skipped for the following, which depend on the above cycle:
│   Octofitter → OctofitterPigeonsExt
└ @ Pkg.API.Precompilation /cvmfs/soft.computecanada.ca/easybuild/software/2023/x86-64-v3/Core/julia/1.10.10/share/julia/stdlib/v1.10/Pkg/src/precompilation.jl:583
┌ Warning: could not download https://pkg.julialang.org/registries
│   exception = RequestError: Failed to connect to pkg.julialang.org port 443 after 30005 ms: Timeout was reached while requesting https://pkg.julialang.org/registries
└ @ Pkg.Registry /cvmfs/soft.computecanada.ca/easybuild/software/2023/x86-64-v3/Core/julia/1.10.10/share/julia/stdlib/v1.10/Pkg/src/Registry/Registry.jl:69
   Resolving package versions...
  No Changes to `/lustre09/project/6039459/vhenault/OCen_IMBH/Octofitter_imbh.jl/Project.toml`
  No Changes to `/lustre09/project/6039459/vhenault/OCen_IMBH/Octofitter_imbh.jl/Manifest.toml`
┌ Warning: Circular dependency detected.
│ Precompilation will be skipped for dependencies in this cycle:
│  ┌ Octofitter → OctofitterPairPlotsExt
│  └─ Octofitter → OctofitterMakieExt
│ Precompilation will also be skipped for the following, which depend on the above cycle:
│   Octofitter → OctofitterPigeonsExt
└ @ Pkg.API.Precompilation /cvmfs/soft.computecanada.ca/easybuild/software/2023/x86-64-v3/Core/julia/1.10.10/share/julia/stdlib/v1.10/Pkg/src/precompilation.jl:583
Loaded config: /lustre09/project/6039459/vhenault/OCen_IMBH/Ocen_IMBH_analysis/configs/test_run2.toml
[ Info: Preparing model
┌ Info: Determined number of free variables
└   D = 49
┌ Info: Determined number type
└   T = Float64
ℓπcallback(θ): 0.000038 seconds
∇ℓπcallback(θ): 0.002040 seconds (7 allocations: 181.047 KiB)
Run summary written to /lustre09/project/6039459/vhenault/OCen_IMBH/Ocen_IMBH_analysis/configs/../results/run_outputs/starsACDEF_192c_18r_9626434_summary.md
┌ Warning: This model has priors that cannot be sampled IID.
└ @ OctofitterPigeonsExt /lustre09/project/6039459/vhenault/OCen_IMBH/Octofitter_imbh.jl/ext/OctofitterPigeonsExt/OctofitterPigeonsExt.jl:105
[ Info: Sampler running with multiple threads     : true
[ Info: Likelihood evaluated with multiple threads: false
┌ Info: Starting values not provided for all parameters! Guessing starting point using global optimization:
│   num_params = 49
└   num_fixed = 0
┌ Info: Found sample of initial positions
│   logpost_range = (-9.512110767404138, 4.209196230599872)
└   mean_logpost = -3.606025944612935
────────────────────────────────────────────────────────────────────────────────────────────────────────────────────────
  scans     restarts      Λ        Λ_var      time(s)    allc(B)  log(Z₁/Z₀)   min(α)     mean(α)    min(αₑ)   mean(αₑ) 
────────── ────────── ────────── ────────── ────────── ────────── ────────── ────────── ────────── ────────── ──────────
        2          0       9.09       8.61       1.06   5.47e+07  -8.99e+06          0      0.954          1          1 
        4          0       12.8       10.8      0.528   2.83e+06  -1.65e+05          0      0.938          1          1 
        8          0       15.5       15.8       1.05   5.71e+06  -1.13e+05          0      0.918          1          1 
       16          0       20.3       19.7       2.11   1.13e+07  -1.39e+03          0      0.896          1          1 
       32          0       24.5       24.6       4.28      2e+07      -21.4   1.57e-18      0.872          1          1 
       64          0       26.2       11.1       8.67   2.91e+09       -335   5.24e-12      0.903          1          1 
      128          0         28       11.5         17   6.03e+09       -124     0.0203      0.897          1          1 
      256          0       28.9       11.9       34.2   1.19e+10       -117      0.224      0.893          1          1 
      512          1       29.9       12.9       68.5   2.36e+10       -110      0.673      0.888          1          1 
 1.02e+03          1         30       13.6        146   4.69e+10       -105      0.801      0.886          1          1 
 2.05e+03          4       30.4       14.4        286   9.26e+10       -100      0.805      0.883          1          1 
  4.1e+03         19       30.5       15.5        599   1.84e+11      -93.9      0.822       0.88          1          1 
 8.19e+03         40       30.9       16.6   1.22e+03   3.64e+11      -86.5      0.764      0.876          1          1 
 1.64e+04         98         31       16.8   2.43e+03   7.17e+11      -81.3      0.821      0.875          1          1 
 3.28e+04        200       31.1       17.2   4.97e+03   1.43e+12      -78.2      0.826      0.874          1          1 
 6.55e+04        431       31.2       17.3   9.99e+03   2.85e+12      -76.5      0.822      0.873          1          1 
 1.31e+05   1.05e+03       31.2       17.6      2e+04    5.7e+12      -75.4      0.825      0.873          1          1 
 2.62e+05   1.59e+03       31.2       18.3      4e+04   1.14e+13      -75.1      0.824      0.871          1          1 
────────────────────────────────────────────────────────────────────────────────────────────────────────────────────────
MCMC chain (262144×83×1 Array{Float64, 3})

=== Posterior summaries (median, 68% CI) ===
Param                     Median  [     16%,      84%]
M_IMBH [10⁴ M☉]           11.388  [  10.503,   11.839]
plx [mas]                  0.193  [   0.189,    0.197]
offsetx [mas]             -0.277  [ -10.171,    9.865]
offsety [mas]             -0.528  [ -10.345,    9.239]
A: a [AU]               7433.141  [6105.482, 8580.977]
A: e                       0.094  [   0.024,    0.252]
A: i [°]                  83.009  [  81.924,   83.824]
A: ω [°]                  54.546  [   1.456,  116.051]
A: Ω [°]                  55.721  [  54.198,   56.863]
C: a [AU]               9208.555  [6083.882, 11442.232]
C: e                       0.117  [   0.033,    0.251]
C: i [°]                  63.182  [  55.757,   67.406]
C: ω [°]                  -6.296  [ -90.476,  132.316]
C: Ω [°]                  -4.404  [-169.920,   18.103]
D: a [AU]              14949.073  [10417.758, 17896.678]
D: e                       0.135  [   0.034,    0.325]
D: i [°]                  75.849  [  72.015,   77.821]
D: ω [°]                  67.038  [   8.928,  119.711]
D: Ω [°]                 124.210  [ 119.844,  127.421]
E: a [AU]              17366.747  [13640.241, 22214.753]
E: e                       0.197  [   0.047,    0.434]
E: i [°]                  97.831  [  96.745,   99.394]
E: ω [°]                   1.094  [ -24.853,   21.593]
E: Ω [°]                 -55.838  [ -58.014,  -53.225]
F: a [AU]              19623.370  [17009.230, 23156.377]
F: e                       0.078  [   0.019,    0.198]
F: i [°]                  36.738  [  27.965,   44.572]
F: ω [°]                   7.887  [-135.054,   78.691]
F: Ω [°]                  -1.955  [-169.459,  122.997]

Generating orbit panels...
┌ Warning: `arrows` are deprecated in favor of `arrows2d` and `arrows3d`.
└ @ Makie ~/.julia/packages/Makie/kJl0u/src/basic_recipes/arrows.jl:166
┌ Warning: arrowsize has been deprecated in favor of tipwidth and tiplength.
└ @ Makie ~/.julia/packages/Makie/kJl0u/src/basic_recipes/arrows.jl:206
┌ Warning: `arrows` are deprecated in favor of `arrows2d` and `arrows3d`.
└ @ Makie ~/.julia/packages/Makie/kJl0u/src/basic_recipes/arrows.jl:166
┌ Warning: arrowsize has been deprecated in favor of tipwidth and tiplength.
└ @ Makie ~/.julia/packages/Makie/kJl0u/src/basic_recipes/arrows.jl:206
┌ Warning: `arrows` are deprecated in favor of `arrows2d` and `arrows3d`.
└ @ Makie ~/.julia/packages/Makie/kJl0u/src/basic_recipes/arrows.jl:166
┌ Warning: arrowsize has been deprecated in favor of tipwidth and tiplength.
└ @ Makie ~/.julia/packages/Makie/kJl0u/src/basic_recipes/arrows.jl:206
┌ Warning: `arrows` are deprecated in favor of `arrows2d` and `arrows3d`.
└ @ Makie ~/.julia/packages/Makie/kJl0u/src/basic_recipes/arrows.jl:166
┌ Warning: arrowsize has been deprecated in favor of tipwidth and tiplength.
└ @ Makie ~/.julia/packages/Makie/kJl0u/src/basic_recipes/arrows.jl:206
┌ Warning: `arrows` are deprecated in favor of `arrows2d` and `arrows3d`.
└ @ Makie ~/.julia/packages/Makie/kJl0u/src/basic_recipes/arrows.jl:166
┌ Warning: arrowsize has been deprecated in favor of tipwidth and tiplength.
└ @ Makie ~/.julia/packages/Makie/kJl0u/src/basic_recipes/arrows.jl:206
┌ Warning: `arrows` are deprecated in favor of `arrows2d` and `arrows3d`.
└ @ Makie ~/.julia/packages/Makie/kJl0u/src/basic_recipes/arrows.jl:166
┌ Warning: arrowsize has been deprecated in favor of tipwidth and tiplength.
└ @ Makie ~/.julia/packages/Makie/kJl0u/src/basic_recipes/arrows.jl:206
┌ Warning: `arrows` are deprecated in favor of `arrows2d` and `arrows3d`.
└ @ Makie ~/.julia/packages/Makie/kJl0u/src/basic_recipes/arrows.jl:166
┌ Warning: arrowsize has been deprecated in favor of tipwidth and tiplength.
└ @ Makie ~/.julia/packages/Makie/kJl0u/src/basic_recipes/arrows.jl:206
┌ Warning: `arrows` are deprecated in favor of `arrows2d` and `arrows3d`.
└ @ Makie ~/.julia/packages/Makie/kJl0u/src/basic_recipes/arrows.jl:166
┌ Warning: arrowsize has been deprecated in favor of tipwidth and tiplength.
└ @ Makie ~/.julia/packages/Makie/kJl0u/src/basic_recipes/arrows.jl:206
┌ Warning: `arrows` are deprecated in favor of `arrows2d` and `arrows3d`.
└ @ Makie ~/.julia/packages/Makie/kJl0u/src/basic_recipes/arrows.jl:166
┌ Warning: arrowsize has been deprecated in favor of tipwidth and tiplength.
└ @ Makie ~/.julia/packages/Makie/kJl0u/src/basic_recipes/arrows.jl:206
┌ Warning: `arrows` are deprecated in favor of `arrows2d` and `arrows3d`.
└ @ Makie ~/.julia/packages/Makie/kJl0u/src/basic_recipes/arrows.jl:166
┌ Warning: arrowsize has been deprecated in favor of tipwidth and tiplength.
└ @ Makie ~/.julia/packages/Makie/kJl0u/src/basic_recipes/arrows.jl:206
Orbit panels saved to starsACDEF_192c_18r_9626434_orbit_panels.png
Generating posterior panels...
Posterior panels saved to starsACDEF_192c_18r_9626434_posteriors.png
