┌ Warning: Circular dependency detected.
│ Precompilation will be skipped for dependencies in this cycle:
│  ┌ Octofitter → OctofitterPairPlotsExt
│  └─ Octofitter → OctofitterMakieExt
│ Precompilation will also be skipped for the following, which depend on the above cycle:
│   Octofitter → OctofitterPigeonsExt
└ @ Pkg.API.Precompilation /cvmfs/soft.computecanada.ca/easybuild/software/2023/x86-64-v3/Core/julia/1.10.10/share/julia/stdlib/v1.10/Pkg/src/precompilation.jl:583
┌ Warning: could not download https://pkg.julialang.org/registries
│   exception = RequestError: Failed to connect to pkg.julialang.org port 443 after 30005 ms: Timeout was reached while requesting https://pkg.julialang.org/registries
└ @ Pkg.Registry /cvmfs/soft.computecanada.ca/easybuild/software/2023/x86-64-v3/Core/julia/1.10.10/share/julia/stdlib/v1.10/Pkg/src/Registry/Registry.jl:69
    Updating registry at `~/.julia/registries/General.toml`
   Resolving package versions...
  No Changes to `/lustre09/project/6039459/vhenault/OCen_IMBH/Octofitter_imbh.jl/Project.toml`
  No Changes to `/lustre09/project/6039459/vhenault/OCen_IMBH/Octofitter_imbh.jl/Manifest.toml`
┌ Warning: Circular dependency detected.
│ Precompilation will be skipped for dependencies in this cycle:
│  ┌ Octofitter → OctofitterPairPlotsExt
│  └─ Octofitter → OctofitterMakieExt
│ Precompilation will also be skipped for the following, which depend on the above cycle:
│   Octofitter → OctofitterPigeonsExt
└ @ Pkg.API.Precompilation /cvmfs/soft.computecanada.ca/easybuild/software/2023/x86-64-v3/Core/julia/1.10.10/share/julia/stdlib/v1.10/Pkg/src/precompilation.jl:583
Loaded config: /lustre09/project/6039459/vhenault/OCen_IMBH/Ocen_IMBH_analysis/configs/single_star_F.toml
[ Info: Preparing model
┌ Info: Determined number of free variables
└   D = 13
┌ Info: Determined number type
└   T = Float64
ℓπcallback(θ): 0.000013 seconds
∇ℓπcallback(θ): 0.000036 seconds (1 allocation: 32 bytes)
Run summary written to /lustre09/project/6039459/vhenault/OCen_IMBH/Ocen_IMBH_analysis/configs/../results/run_outputs/starsF_192c_15r_9722839_summary.md
┌ Warning: This model has priors that cannot be sampled IID.
└ @ OctofitterPigeonsExt /lustre09/project/6039459/vhenault/OCen_IMBH/Octofitter_imbh.jl/ext/OctofitterPigeonsExt/OctofitterPigeonsExt.jl:105
[ Info: Sampler running with multiple threads     : true
[ Info: Likelihood evaluated with multiple threads: false
┌ Info: Starting values not provided for all parameters! Guessing starting point using global optimization:
│   num_params = 13
└   num_fixed = 0
┌ Info: Found sample of initial positions
│   logpost_range = (1.373720343314531, 8.594487966339482)
└   mean_logpost = 6.929867656661949
────────────────────────────────────────────────────────────────────────────────────────────────────────────────────────
  scans     restarts      Λ        Λ_var      time(s)    allc(B)  log(Z₁/Z₀)   min(α)     mean(α)    min(αₑ)   mean(αₑ) 
────────── ────────── ────────── ────────── ────────── ────────── ────────── ────────── ────────── ────────── ──────────
        2          0       5.68       5.71      0.733   5.11e+07  -1.76e+06          0       0.97          1          1 
        4          0       8.62       8.75       0.26   2.68e+06  -6.49e+03          0      0.955          1          1 
        8          0       11.1        9.7      0.523   5.42e+06      -65.7   2.1e-190      0.946      0.997          1 
       16          0       10.8       12.5       1.05   1.12e+07      -6.72      0.125      0.939          1          1 
       32          0       12.8       12.5       2.08   2.02e+07      -8.58      0.263      0.934      0.999          1 
       64          0       13.2       5.92       4.36    7.1e+08      -49.5      0.458       0.95          1          1 
      128          0       13.7       5.49       8.84   1.43e+09      -17.7      0.784       0.95          1          1 
      256          0       13.9       6.79       16.8   2.84e+09      -17.2      0.805      0.946          1          1 
      512          2       13.9       7.23       34.4   5.54e+09      -16.4      0.896      0.945          1          1 
 1.02e+03         21       13.9       8.01         69    1.1e+10      -15.9      0.905      0.943          1          1 
 2.05e+03         53         14       8.88        139   2.21e+10      -15.2      0.899       0.94          1          1 
  4.1e+03        117       13.9       10.1        282   4.44e+10      -13.8      0.829      0.937          1          1 
 8.19e+03        257       13.9       10.5        571   8.98e+10      -13.2        0.9      0.936          1          1 
 1.64e+04        542       13.8       10.6   1.15e+03   1.77e+11      -12.9      0.922      0.936          1          1 
 3.28e+04   1.05e+03       13.8       10.8    2.3e+03   3.59e+11      -12.7      0.913      0.936          1          1 
────────────────────────────────────────────────────────────────────────────────────────────────────────────────────────
MCMC chain (32768×23×1 Array{Float64, 3})
Loaded configuration from: /lustre09/project/6039459/vhenault/OCen_IMBH/Ocen_IMBH_analysis/results/run_outputs/starsF_192c_15r_9722839_summary.md
Reference epoch: 55197.0 MJD (2010.0 yr)
Loaded chain: /lustre09/project/6039459/vhenault/OCen_IMBH/Ocen_IMBH_analysis/configs/../results/run_outputs/starsF_192c_15r_9722839_chain.fits
MCMC chain (32768×23×1 Array{Float64, 3})
Star names from summary: F
[ Info: Preparing model
┌ Info: Determined number of free variables
└   D = 13
┌ Info: Determined number type
└   T = Float64
ℓπcallback(θ): 0.000008 seconds
∇ℓπcallback(θ): 0.000062 seconds (1 allocation: 32 bytes)

=== Posterior summaries (median, 68% CI) ===
Param                     Median  [     16%,      84%]
M_IMBH [10⁴ M☉]            8.849  [   5.260,   11.224]
plx [mas]                  0.190  [   0.186,    0.194]
offsetx [mas]           2114.421  [ 804.172, 2721.104]
offsety [mas]           1070.490  [ 559.137, 1477.684]
F: a [AU]              14329.946  [8189.172, 20609.138]
F: e                       0.137  [   0.037,    0.347]
F: i [°]                  89.326  [  63.270,  103.171]
F: ω [°]                   8.753  [-117.760,  116.354]
F: Ω [°]                  68.401  [ -10.469,  171.184]

Generating corner plot...
Corner plot saved.
Generating orbit panels...
Orbit panels saved.
Generating posterior panels...
Posterior panels saved.

Done. All plots written to: /lustre09/project/6039459/vhenault/OCen_IMBH/Ocen_IMBH_analysis/results/run_outputs
