┌ Warning: Circular dependency detected.
│ Precompilation will be skipped for dependencies in this cycle:
│  ┌ Octofitter → OctofitterPairPlotsExt
│  └─ Octofitter → OctofitterMakieExt
│ Precompilation will also be skipped for the following, which depend on the above cycle:
│   Octofitter → OctofitterPigeonsExt
└ @ Pkg.API.Precompilation /cvmfs/soft.computecanada.ca/easybuild/software/2023/x86-64-v3/Core/julia/1.10.10/share/julia/stdlib/v1.10/Pkg/src/precompilation.jl:583
┌ Warning: could not download https://pkg.julialang.org/registries
│   exception = RequestError: Failed to connect to pkg.julialang.org port 443 after 30005 ms: Timeout was reached while requesting https://pkg.julialang.org/registries
└ @ Pkg.Registry /cvmfs/soft.computecanada.ca/easybuild/software/2023/x86-64-v3/Core/julia/1.10.10/share/julia/stdlib/v1.10/Pkg/src/Registry/Registry.jl:69
    Updating registry at `~/.julia/registries/General.toml`
   Resolving package versions...
  No Changes to `/lustre09/project/6039459/vhenault/OCen_IMBH/Octofitter_imbh.jl/Project.toml`
  No Changes to `/lustre09/project/6039459/vhenault/OCen_IMBH/Octofitter_imbh.jl/Manifest.toml`
┌ Warning: Circular dependency detected.
│ Precompilation will be skipped for dependencies in this cycle:
│  ┌ Octofitter → OctofitterPairPlotsExt
│  └─ Octofitter → OctofitterMakieExt
│ Precompilation will also be skipped for the following, which depend on the above cycle:
│   Octofitter → OctofitterPigeonsExt
└ @ Pkg.API.Precompilation /cvmfs/soft.computecanada.ca/easybuild/software/2023/x86-64-v3/Core/julia/1.10.10/share/julia/stdlib/v1.10/Pkg/src/precompilation.jl:583
Loaded config: /lustre09/project/6039459/vhenault/OCen_IMBH/Ocen_IMBH_analysis/configs/single_star_E.toml
[ Info: Preparing model
┌ Info: Determined number of free variables
└   D = 13
┌ Info: Determined number type
└   T = Float64
ℓπcallback(θ): 0.000013 seconds
∇ℓπcallback(θ): 0.000030 seconds (1 allocation: 32 bytes)
Run summary written to /lustre09/project/6039459/vhenault/OCen_IMBH/Ocen_IMBH_analysis/configs/../results/run_outputs/starsE_192c_15r_9722838_summary.md
┌ Warning: This model has priors that cannot be sampled IID.
└ @ OctofitterPigeonsExt /lustre09/project/6039459/vhenault/OCen_IMBH/Octofitter_imbh.jl/ext/OctofitterPigeonsExt/OctofitterPigeonsExt.jl:105
[ Info: Sampler running with multiple threads     : true
[ Info: Likelihood evaluated with multiple threads: false
┌ Info: Starting values not provided for all parameters! Guessing starting point using global optimization:
│   num_params = 13
└   num_fixed = 0
┌ Info: Found sample of initial positions
│   logpost_range = (0.37516489475028436, 7.797610254404294)
└   mean_logpost = 2.7437765552271496
────────────────────────────────────────────────────────────────────────────────────────────────────────────────────────
  scans     restarts      Λ        Λ_var      time(s)    allc(B)  log(Z₁/Z₀)   min(α)     mean(α)    min(αₑ)   mean(αₑ) 
────────── ────────── ────────── ────────── ────────── ────────── ────────── ────────── ────────── ────────── ──────────
        2          0       5.28        4.5      0.749   5.18e+07  -1.59e+06          0      0.974          1          1 
        4          0       7.35       6.71      0.265   2.68e+06  -1.05e+04          0      0.963          1          1 
        8          0       9.57       13.5      0.516   5.42e+06        -10   1.3e-251       0.94          1          1 
       16          0       12.1       13.4       1.04   1.12e+07      -9.81     0.0872      0.933          1          1 
       32          0       13.5       13.5       2.12      2e+07      -11.7      0.115       0.93          1          1 
       64          0       12.7       5.51       4.38   7.03e+08      -20.8      0.402      0.952          1          1 
      128          0       13.7       5.75       8.34   1.43e+09      -18.9      0.814      0.949          1          1 
      256          0       13.7       6.21       18.2   2.81e+09      -18.4       0.88      0.948          1          1 
      512          4       13.6       7.12       34.5   5.56e+09      -17.9      0.894      0.946          1          1 
 1.02e+03         15       13.6        8.4       69.2   1.12e+10        -17      0.871      0.943          1          1 
 2.05e+03         48       13.6       9.12        142   2.22e+10      -16.4      0.884      0.941          1          1 
  4.1e+03        117       13.6       9.64        283   4.48e+10      -15.5      0.913      0.939          1          1 
 8.19e+03        221       13.5       10.6        572   9.07e+10      -14.5      0.841      0.937          1          1 
 1.64e+04        419       13.5       10.8   1.14e+03   1.83e+11      -13.7      0.923      0.937          1          1 
 3.28e+04        786       13.5       10.9   2.29e+03   3.68e+11      -13.5      0.916      0.936          1          1 
────────────────────────────────────────────────────────────────────────────────────────────────────────────────────────
MCMC chain (32768×23×1 Array{Float64, 3})
Loaded configuration from: /lustre09/project/6039459/vhenault/OCen_IMBH/Ocen_IMBH_analysis/results/run_outputs/starsE_192c_15r_9722838_summary.md
Reference epoch: 55197.0 MJD (2010.0 yr)
Loaded chain: /lustre09/project/6039459/vhenault/OCen_IMBH/Ocen_IMBH_analysis/configs/../results/run_outputs/starsE_192c_15r_9722838_chain.fits
MCMC chain (32768×23×1 Array{Float64, 3})
Star names from summary: E
[ Info: Preparing model
┌ Info: Determined number of free variables
└   D = 13
┌ Info: Determined number type
└   T = Float64
ℓπcallback(θ): 0.000009 seconds
∇ℓπcallback(θ): 0.000063 seconds (1 allocation: 32 bytes)

=== Posterior summaries (median, 68% CI) ===
Param                     Median  [     16%,      84%]
M_IMBH [10⁴ M☉]            8.606  [   5.461,   11.051]
plx [mas]                  0.190  [   0.186,    0.194]
offsetx [mas]           1319.368  [ 582.512, 2234.202]
offsety [mas]           -581.037  [-1857.131,  490.285]
E: a [AU]              13076.639  [7557.571, 18938.724]
E: e                       0.125  [   0.032,    0.328]
E: i [°]                  84.558  [  46.683,  120.411]
E: ω [°]                   7.019  [-115.621,  125.655]
E: Ω [°]                  16.121  [ -54.786,  129.346]

Generating corner plot...
Corner plot saved.
Generating orbit panels...
Orbit panels saved.
Generating posterior panels...
Posterior panels saved.

Done. All plots written to: /lustre09/project/6039459/vhenault/OCen_IMBH/Ocen_IMBH_analysis/results/run_outputs
