Loaded config: /lustre09/project/6039459/vhenault/OCen_IMBH/Ocen_IMBH_analysis/configs/single_star_A.toml
[ Info: Preparing model
┌ Info: Determined number of free variables
└   D = 13
┌ Info: Determined number type
└   T = Float64
ℓπcallback(θ): 0.000020 seconds
∇ℓπcallback(θ): 0.000040 seconds (1 allocation: 32 bytes)
Run summary written to /lustre09/project/6039459/vhenault/OCen_IMBH/Ocen_IMBH_analysis/configs/../results/run_outputs/starsA_192c_15r_9722835_summary.md
┌ Warning: This model has priors that cannot be sampled IID.
└ @ OctofitterPigeonsExt /lustre09/project/6039459/vhenault/OCen_IMBH/Octofitter_imbh.jl/ext/OctofitterPigeonsExt/OctofitterPigeonsExt.jl:105
[ Info: Sampler running with multiple threads     : true
[ Info: Likelihood evaluated with multiple threads: false
┌ Info: Starting values not provided for all parameters! Guessing starting point using global optimization:
│   num_params = 13
└   num_fixed = 0
┌ Info: Found sample of initial positions
│   logpost_range = (-1.1429328776974934, 5.171168411318945)
└   mean_logpost = 3.8268936157239186
────────────────────────────────────────────────────────────────────────────────────────────────────────────────────────
  scans     restarts      Λ        Λ_var      time(s)    allc(B)  log(Z₁/Z₀)   min(α)     mean(α)    min(αₑ)   mean(αₑ) 
────────── ────────── ────────── ────────── ────────── ────────── ────────── ────────── ────────── ────────── ──────────
        2          0       4.86       4.25       0.92    5.9e+07  -8.45e+03          0      0.976          1          1 
        4          0       7.23        6.8      0.258   2.68e+06  -8.01e+05          0      0.963          1          1 
        8          0          9       9.87      0.506    5.5e+06  -1.14e+03          0      0.951          1          1 
       16          0       11.2         11       1.02   1.12e+07      -6.39     0.0306      0.942          1          1 
       32          0       12.5       12.8       2.04   2.01e+07      -7.11      0.383      0.934          1          1 
       64          0       13.5       5.62       4.35   7.55e+08      -25.2      0.502       0.95          1          1 
      128          0       13.1       5.72       8.46   1.55e+09      -24.7      0.819      0.951          1          1 
      256          0       13.5        6.4       17.5   3.04e+09      -22.8      0.856      0.948          1          1 
      512          0       13.5       6.87         35   5.99e+09      -21.4      0.889      0.947          1          1 
 1.02e+03         16       13.6       7.91       72.7   1.17e+10      -20.1      0.905      0.944          1          1 
 2.05e+03         52       13.6       8.36        151   2.31e+10        -19      0.912      0.943          1          1 
  4.1e+03        109       13.7       8.87        299   4.58e+10      -18.3      0.919      0.941          1          1 
 8.19e+03        277       13.7       9.22        605   9.07e+10      -18.1      0.919       0.94          1          1 
 1.64e+04        571       13.7        9.6    1.2e+03   1.81e+11      -17.6      0.923      0.939          1          1 
 3.28e+04    1.1e+03       13.7        9.8    2.4e+03    3.6e+11      -17.4      0.923      0.939          1          1 
────────────────────────────────────────────────────────────────────────────────────────────────────────────────────────
MCMC chain (32768×23×1 Array{Float64, 3})
Loaded configuration from: /lustre09/project/6039459/vhenault/OCen_IMBH/Ocen_IMBH_analysis/results/run_outputs/starsA_192c_15r_9722835_summary.md
Reference epoch: 55197.0 MJD (2010.0 yr)
Loaded chain: /lustre09/project/6039459/vhenault/OCen_IMBH/Ocen_IMBH_analysis/configs/../results/run_outputs/starsA_192c_15r_9722835_chain.fits
MCMC chain (32768×23×1 Array{Float64, 3})
Star names from summary: A
[ Info: Preparing model
┌ Info: Determined number of free variables
└   D = 13
┌ Info: Determined number type
└   T = Float64
ℓπcallback(θ): 0.000010 seconds
∇ℓπcallback(θ): 0.000153 seconds (1 allocation: 32 bytes)

=== Posterior summaries (median, 68% CI) ===
Param                     Median  [     16%,      84%]
M_IMBH [10⁴ M☉]            9.481  [   6.682,   11.244]
plx [mas]                  0.191  [   0.187,    0.195]
offsetx [mas]           -481.948  [-875.820, -243.118]
offsety [mas]            252.944  [ -53.079,  782.495]
A: a [AU]               5934.497  [4094.107, 7523.632]
A: e                       0.103  [   0.027,    0.280]
A: i [°]                 110.635  [  90.800,  143.364]
A: ω [°]                   3.635  [-118.441,  117.766]
A: Ω [°]                 -20.048  [-127.233,   55.632]

Generating corner plot...
Corner plot saved.
Generating orbit panels...
Orbit panels saved.
Generating posterior panels...
Posterior panels saved.

Done. All plots written to: /lustre09/project/6039459/vhenault/OCen_IMBH/Ocen_IMBH_analysis/results/run_outputs
