ℓπcallback(θ): 0.000053 seconds
∇ℓπcallback(θ): 0.002970 seconds (7 allocations: 181.062 KiB)
Model compiled. Number of free parameters: 49
Fresh run
────────────────────────────────────────────────────────────────────────────────────────────────────────────────────────
  scans     restarts      Λ        Λ_var      time(s)    allc(B)  log(Z₁/Z₀)   min(α)     mean(α)    min(αₑ)   mean(αₑ) 
────────── ────────── ────────── ────────── ────────── ────────── ────────── ────────── ────────── ────────── ──────────
        2          0       10.3        9.4       1.13   4.29e+07  -6.18e+07          0      0.949          1          1 
        4          0         15         13      0.841   2.75e+06  -1.11e+06          0      0.927          1          1 
        8          0       15.7       18.7       1.66   5.56e+06   -1.9e+05          0       0.91          1          1 
       16          0       20.7       21.6       3.39   1.11e+07  -1.02e+04          0       0.89          1          1 
       32          0       26.2       25.6       6.75   1.92e+07       -874  3.34e-241      0.865          1          1 
       64          0       27.7       13.1       15.6   3.15e+09   6.91e+03   2.02e-40      0.893          1          1 
      128          0       29.8       14.7       30.2   6.34e+09       -836   2.33e-05      0.884          1          1 
      256          0       32.9       16.1       60.8   1.29e+10       -828      0.061      0.872          1          1 
      512          0       34.7       17.2        122   2.55e+10       -791      0.368      0.865          1          1 
 1.02e+03          0       35.3       17.8        244   5.12e+10       -744      0.678      0.861          1          1 
 2.05e+03          0       36.2       17.5        484   1.03e+11       -718      0.735       0.86          1          1 
  4.1e+03          2       36.2       18.6        961   2.02e+11       -700      0.726      0.857          1          1 
 8.19e+03         20       36.7       19.4    1.9e+03   3.87e+11       -665      0.703      0.854          1          1 
 1.64e+04         49       37.5       22.4   3.68e+03   7.49e+11       -615      0.544      0.844          1          1 
 3.28e+04         28       37.6       21.1   7.36e+03   1.46e+12       -585      0.764      0.847          1          1 
 6.55e+04         81       37.4       20.2   1.48e+04   2.96e+12       -573      0.673       0.85          1          1 
────────────────────────────────────────────────────────────────────────────────────────────────────────────────────────
PT folder: /home/kenzhayd/projects/def-vhenault/kenzhayd/mock_cluster/results/all/2026-05-03-19-09-20-lDyyIABF

=== IMBH MASS RECOVERY? ===
True mass: 63730.0
Recovered median M [M☉]: [99714.12467228851, 99973.23329415625]
