┌ Warning: Circular dependency detected.
│ Precompilation will be skipped for dependencies in this cycle:
│  ┌ Octofitter
│  └─ OctofitterRadialVelocity
│ Precompilation will also be skipped for the following, which depend on the above cycle:
│   Octofitter → OctofitterPairPlotsExt
│   Octofitter → OctofitterPigeonsExt
│   Octofitter → OctofitterMakieExt
│   OctofitterRadialVelocity → OctofitterRadialVelocityMakieExt
└ @ Pkg.API.Precompilation /cvmfs/soft.computecanada.ca/easybuild/software/2023/x86-64-v3/Core/julia/1.10.10/share/julia/stdlib/v1.10/Pkg/src/precompilation.jl:583
Precompiling packages...
   4024.6 ms  ✓ AstroAngles
   2912.4 ms  ✓ Interfaces
   2908.4 ms  ✓ WCS_jll
   2415.9 ms  ✓ ImageShow
   6055.8 ms  ✓ KernelFunctions
    389.2 ms  ✓ WCS
   1424.3 ms  ✓ AbstractGPs
  10269.5 ms  ✓ Polynomials
    730.7 ms  ✓ Polynomials → PolynomialsChainRulesCoreExt
    757.4 ms  ✓ Polynomials → PolynomialsRecipesBaseExt
   7905.4 ms  ✓ DimensionalData
    623.5 ms  ✓ DimensionalData → DimensionalDataSparseArraysExt
    653.3 ms  ✓ DimensionalData → DimensionalDataAdaptExt
    669.7 ms  ✓ DimensionalData → DimensionalDataChainRulesCoreExt
    714.9 ms  ✓ DimensionalData → DimensionalDataRecipesBaseExt
    728.5 ms  ✓ DimensionalData → DimensionalDataStatsBaseExt
    849.3 ms  ✓ DimensionalData → DimensionalDataAbstractFFTsExt
    632.6 ms  ✓ DimensionalData → DimensionalDataArrayInterfaceExt
   5538.5 ms  ✓ Polynomials → PolynomialsMakieExt
   2955.8 ms  ✓ DimensionalData → DimensionalDataPythonCallExt
   4752.6 ms  ✓ DimensionalData → DimensionalDataMakieExt
   8474.0 ms  ✓ AstroImages
  22 dependencies successfully precompiled in 33 seconds. 507 already precompiled. 6 skipped due to circular dependency.
┌ Warning: could not download https://pkg.julialang.org/registries
│   exception = RequestError: Failed to connect to pkg.julialang.org port 443 after 30005 ms: Timeout was reached while requesting https://pkg.julialang.org/registries
└ @ Pkg.Registry /cvmfs/soft.computecanada.ca/easybuild/software/2023/x86-64-v3/Core/julia/1.10.10/share/julia/stdlib/v1.10/Pkg/src/Registry/Registry.jl:69
    Updating registry at `~/.julia/registries/General.toml`
   Resolving package versions...
  No Changes to `/lustre09/project/6039459/vhenault/OCen_IMBH/Octofitter_imbh.jl/Project.toml`
  No Changes to `/lustre09/project/6039459/vhenault/OCen_IMBH/Octofitter_imbh.jl/Manifest.toml`
┌ Warning: Circular dependency detected.
│ Precompilation will be skipped for dependencies in this cycle:
│  ┌ Octofitter
│  └─ OctofitterRadialVelocity
│ Precompilation will also be skipped for the following, which depend on the above cycle:
│   Octofitter → OctofitterPairPlotsExt
│   Octofitter → OctofitterPigeonsExt
│   Octofitter → OctofitterMakieExt
│   OctofitterRadialVelocity → OctofitterRadialVelocityMakieExt
└ @ Pkg.API.Precompilation /cvmfs/soft.computecanada.ca/easybuild/software/2023/x86-64-v3/Core/julia/1.10.10/share/julia/stdlib/v1.10/Pkg/src/precompilation.jl:583
