┌ Warning: Circular dependency detected.
│ Precompilation will be skipped for dependencies in this cycle:
│  ┌ Octofitter → OctofitterPairPlotsExt
│  └─ Octofitter → OctofitterMakieExt
│ Precompilation will also be skipped for the following, which depend on the above cycle:
│   Octofitter → OctofitterPigeonsExt
└ @ Pkg.API.Precompilation /cvmfs/soft.computecanada.ca/easybuild/software/2023/x86-64-v3/Core/julia/1.10.10/share/julia/stdlib/v1.10/Pkg/src/precompilation.jl:583
┌ Warning: could not download https://pkg.julialang.org/registries
│   exception = RequestError: Failed to connect to pkg.julialang.org port 443 after 30006 ms: Timeout was reached while requesting https://pkg.julialang.org/registries
└ @ Pkg.Registry /cvmfs/soft.computecanada.ca/easybuild/software/2023/x86-64-v3/Core/julia/1.10.10/share/julia/stdlib/v1.10/Pkg/src/Registry/Registry.jl:69
    Updating registry at `~/.julia/registries/General.toml`
   Resolving package versions...
  No Changes to `/lustre09/project/6039459/vhenault/OCen_IMBH/Octofitter_imbh.jl/Project.toml`
  No Changes to `/lustre09/project/6039459/vhenault/OCen_IMBH/Octofitter_imbh.jl/Manifest.toml`
┌ Warning: Circular dependency detected.
│ Precompilation will be skipped for dependencies in this cycle:
│  ┌ Octofitter → OctofitterPairPlotsExt
│  └─ Octofitter → OctofitterMakieExt
│ Precompilation will also be skipped for the following, which depend on the above cycle:
│   Octofitter → OctofitterPigeonsExt
└ @ Pkg.API.Precompilation /cvmfs/soft.computecanada.ca/easybuild/software/2023/x86-64-v3/Core/julia/1.10.10/share/julia/stdlib/v1.10/Pkg/src/precompilation.jl:583
