┌ Warning: Circular dependency detected.
│ Precompilation will be skipped for dependencies in this cycle:
│  ┌ Octofitter
│  └─ OctofitterRadialVelocity
│ Precompilation will also be skipped for the following, which depend on the above cycle:
│   Octofitter → OctofitterPairPlotsExt
│   Octofitter → OctofitterPigeonsExt
│   Octofitter → OctofitterMakieExt
│   OctofitterRadialVelocity → OctofitterRadialVelocityMakieExt
└ @ Pkg.API.Precompilation /cvmfs/soft.computecanada.ca/easybuild/software/2023/x86-64-v3/Core/julia/1.10.10/share/julia/stdlib/v1.10/Pkg/src/precompilation.jl:583
┌ Warning: could not download https://pkg.julialang.org/registries
│   exception = RequestError: Failed to connect to pkg.julialang.org port 443 after 30004 ms: Timeout was reached while requesting https://pkg.julialang.org/registries
└ @ Pkg.Registry /cvmfs/soft.computecanada.ca/easybuild/software/2023/x86-64-v3/Core/julia/1.10.10/share/julia/stdlib/v1.10/Pkg/src/Registry/Registry.jl:69
    Updating registry at `~/.julia/registries/General.toml`
   Resolving package versions...
  No Changes to `/lustre09/project/6039459/vhenault/OCen_IMBH/Octofitter_imbh.jl/Project.toml`
  No Changes to `/lustre09/project/6039459/vhenault/OCen_IMBH/Octofitter_imbh.jl/Manifest.toml`
┌ Warning: Circular dependency detected.
│ Precompilation will be skipped for dependencies in this cycle:
│  ┌ Octofitter
│  └─ OctofitterRadialVelocity
│ Precompilation will also be skipped for the following, which depend on the above cycle:
│   Octofitter → OctofitterPairPlotsExt
│   Octofitter → OctofitterPigeonsExt
│   Octofitter → OctofitterMakieExt
│   OctofitterRadialVelocity → OctofitterRadialVelocityMakieExt
└ @ Pkg.API.Precompilation /cvmfs/soft.computecanada.ca/easybuild/software/2023/x86-64-v3/Core/julia/1.10.10/share/julia/stdlib/v1.10/Pkg/src/precompilation.jl:583
Loaded config: /lustre09/project/6039459/vhenault/OCen_IMBH/Ocen_IMBH_analysis/configs/all_stars_no_accel.toml
[ Info: Preparing model
┌ Info: Determined number of free variables
└   D = 67
┌ Info: Determined number type
└   T = Float64
ℓπcallback(θ): 0.000059 seconds
∇ℓπcallback(θ): 0.004813 seconds (10 allocations: 517.422 KiB)
Run summary written to /lustre09/project/6039459/vhenault/OCen_IMBH/Ocen_IMBH_analysis/configs/../results/run_outputs/starsABCDEFG_192c_15r_10165554_summary.md
┌ Warning: This model has priors that cannot be sampled IID.
└ @ OctofitterPigeonsExt /lustre09/project/6039459/vhenault/OCen_IMBH/Octofitter_imbh.jl/ext/OctofitterPigeonsExt/OctofitterPigeonsExt.jl:105
[ Info: Sampler running with multiple threads     : true
[ Info: Likelihood evaluated with multiple threads: false
┌ Info: Starting values not provided for all parameters! Guessing starting point using global optimization:
│   num_params = 67
└   num_fixed = 0
┌ Info: Found sample of initial positions
│   logpost_range = (-537.6509287796193, -518.5629621282774)
└   mean_logpost = -529.3510241375488
────────────────────────────────────────────────────────────────────────────────────────────────────────────────────────
  scans     restarts      Λ        Λ_var      time(s)    allc(B)  log(Z₁/Z₀)   min(α)     mean(α)    min(αₑ)   mean(αₑ) 
────────── ────────── ────────── ────────── ────────── ────────── ────────── ────────── ────────── ────────── ──────────
        2          0       8.27       6.57        1.4   4.67e+07  -1.43e+08          0      0.961          1          1 
        4          0       13.5       13.2        1.3   3.13e+06  -6.95e+05          0       0.93          1          1 
        8          0       20.5       19.1       2.55   6.25e+06  -4.73e+04          0      0.897      0.999          1 
       16          0       24.3         23       5.12   1.25e+07   -4.1e+03          0      0.876          1          1 
       32          0         27       25.8       10.4   2.21e+07       -893  1.59e-320      0.862          1          1 
       64          0         29       14.8       20.5   4.16e+09       -942   6.01e-31      0.886          1          1 
      128          0         31       15.6       40.6   8.63e+09       -728   3.17e-07      0.878          1          1 
      256          0       33.2       17.7       83.7   1.72e+10       -669     0.0392      0.867          1          1 
      512          0       35.6       20.4        168   3.28e+10       -584      0.433      0.854          1          1 
 1.02e+03          0       35.6       20.4        329   6.42e+10       -551       0.72      0.854          1          1 
 2.05e+03          2         35       20.8        680   1.29e+11       -542      0.778      0.854          1          1 
  4.1e+03          6         35       20.7   1.36e+03   2.57e+11       -536      0.792      0.855          1          1 
 8.19e+03          5       35.9       21.9   2.74e+03   5.14e+11       -530      0.393      0.849          1          1 
 1.64e+04         23       37.6       29.3   5.52e+03   1.01e+12       -416      0.436      0.825          1          1 
