┌ Warning: Circular dependency detected.
│ Precompilation will be skipped for dependencies in this cycle:
│  ┌ Octofitter
│  └─ OctofitterRadialVelocity
│ Precompilation will also be skipped for the following, which depend on the above cycle:
│   Octofitter → OctofitterPairPlotsExt
│   Octofitter → OctofitterPigeonsExt
│   Octofitter → OctofitterMakieExt
│   OctofitterRadialVelocity → OctofitterRadialVelocityMakieExt
└ @ Pkg.API.Precompilation /cvmfs/soft.computecanada.ca/easybuild/software/2023/x86-64-v3/Core/julia/1.10.10/share/julia/stdlib/v1.10/Pkg/src/precompilation.jl:583
┌ Warning: could not download https://pkg.julialang.org/registries
│   exception = RequestError: Failed to connect to pkg.julialang.org port 443 after 30005 ms: Timeout was reached while requesting https://pkg.julialang.org/registries
└ @ Pkg.Registry /cvmfs/soft.computecanada.ca/easybuild/software/2023/x86-64-v3/Core/julia/1.10.10/share/julia/stdlib/v1.10/Pkg/src/Registry/Registry.jl:69
    Updating registry at `~/.julia/registries/General.toml`
   Resolving package versions...
  No Changes to `/lustre09/project/6039459/vhenault/OCen_IMBH/Octofitter_imbh.jl/Project.toml`
  No Changes to `/lustre09/project/6039459/vhenault/OCen_IMBH/Octofitter_imbh.jl/Manifest.toml`
┌ Warning: Circular dependency detected.
│ Precompilation will be skipped for dependencies in this cycle:
│  ┌ Octofitter
│  └─ OctofitterRadialVelocity
│ Precompilation will also be skipped for the following, which depend on the above cycle:
│   Octofitter → OctofitterPairPlotsExt
│   Octofitter → OctofitterPigeonsExt
│   Octofitter → OctofitterMakieExt
│   OctofitterRadialVelocity → OctofitterRadialVelocityMakieExt
└ @ Pkg.API.Precompilation /cvmfs/soft.computecanada.ca/easybuild/software/2023/x86-64-v3/Core/julia/1.10.10/share/julia/stdlib/v1.10/Pkg/src/precompilation.jl:583
Loaded config: /lustre09/project/6039459/vhenault/OCen_IMBH/Ocen_IMBH_analysis/configs/E_no_accel.toml
[ Info: Preparing model
┌ Info: Determined number of free variables
└   D = 13
┌ Info: Determined number type
└   T = Float64
ℓπcallback(θ): 0.000015 seconds
∇ℓπcallback(θ): 0.000039 seconds (1 allocation: 32 bytes)
Run summary written to /lustre09/project/6039459/vhenault/OCen_IMBH/Ocen_IMBH_analysis/configs/../results/run_outputs/starsE_192c_15r_10165578_summary.md
┌ Warning: This model has priors that cannot be sampled IID.
└ @ OctofitterPigeonsExt /lustre09/project/6039459/vhenault/OCen_IMBH/Octofitter_imbh.jl/ext/OctofitterPigeonsExt/OctofitterPigeonsExt.jl:105
[ Info: Sampler running with multiple threads     : true
[ Info: Likelihood evaluated with multiple threads: false
┌ Info: Starting values not provided for all parameters! Guessing starting point using global optimization:
│   num_params = 13
└   num_fixed = 0
┌ Info: Found sample of initial positions
│   logpost_range = (-26.4066864008066, -19.54232462735877)
└   mean_logpost = -21.769342767214862
────────────────────────────────────────────────────────────────────────────────────────────────────────────────────────
  scans     restarts      Λ        Λ_var      time(s)    allc(B)  log(Z₁/Z₀)   min(α)     mean(α)    min(αₑ)   mean(αₑ) 
────────── ────────── ────────── ────────── ────────── ────────── ────────── ────────── ────────── ────────── ──────────
        2          0       4.63        4.7      0.893   9.54e+07  -2.37e+07          0      0.976          1          1 
        4          0       5.61       7.49      0.268   2.68e+06  -1.39e+03          0      0.966          1          1 
        8          0       10.5       9.77      0.528   5.44e+06  -6.99e+03          0      0.947          1          1 
       16          0       10.5       11.3       1.09   1.13e+07      -30.4      0.095      0.943          1          1 
       32          0         12       12.7        2.1   2.03e+07      -35.7      0.275      0.935          1          1 
       64          0       12.9       6.34       4.47   7.78e+08      -56.6      0.419       0.95          1          1 
      128          0       13.3       6.14       8.91   1.59e+09      -52.1      0.869      0.949          1          1 
      256          0       13.5       6.28       17.6   3.14e+09      -50.7       0.89      0.948          1          1 
      512          4       13.8       7.34       36.1   6.21e+09      -49.3      0.899      0.945          1          1 
 1.02e+03         12       13.7       7.56       71.7   1.21e+10      -47.9      0.903      0.944          1          1 
 2.05e+03         59       13.9       8.25        143   2.39e+10      -46.8      0.897      0.942          1          1 
  4.1e+03        121       13.9       9.04        289   4.68e+10      -46.2      0.909       0.94          1          1 
 8.19e+03        235         14       9.64        583   9.26e+10      -45.3      0.917      0.938          1          1 
 1.64e+04        394         14       10.6   1.17e+03   1.85e+11      -44.6       0.87      0.936          1          1 
 3.28e+04        725       13.9       10.9   2.33e+03   3.69e+11      -43.7      0.916      0.935          1          1 
────────────────────────────────────────────────────────────────────────────────────────────────────────────────────────
MCMC chain (32768×23×1 Array{Float64, 3})
Loaded configuration from: /lustre09/project/6039459/vhenault/OCen_IMBH/Ocen_IMBH_analysis/results/run_outputs/starsE_192c_15r_10165578_summary.md
Reference epoch: 55197.0 MJD (2010.0 yr)
Loaded chain: /lustre09/project/6039459/vhenault/OCen_IMBH/Ocen_IMBH_analysis/configs/../results/run_outputs/starsE_192c_15r_10165578_chain.fits
MCMC chain (32768×23×1 Array{Float64, 3})
Star names from summary: E
[ Info: Preparing model
┌ Info: Determined number of free variables
└   D = 13
┌ Info: Determined number type
└   T = Float64
ℓπcallback(θ): 0.000010 seconds
∇ℓπcallback(θ): 0.000031 seconds (1 allocation: 32 bytes)

=== Posterior summaries (median, 68% CI) ===
Param                     Median  [     16%,      84%]
M_IMBH [10⁴ M☉]            4.839  [   2.789,    7.266]
plx [mas]                  0.190  [   0.186,    0.194]
offsetx [mas]           1061.593  [ 423.317, 1729.080]
offsety [mas]          -1003.732  [-1943.875,  -25.969]
E: a [AU]               6090.317  [3614.300, 9601.211]
E: e                       0.160  [   0.041,    0.380]
E: i [°]                 110.930  [  42.243,  145.511]
E: ω [°]                  35.158  [-141.425,  139.557]
E: Ω [°]                 -20.012  [ -69.072,  120.451]

Generating corner plot...
Corner plot saved.
Generating orbit panels...
Orbit panels saved.
Generating posterior panels...
Posterior panels saved.
Generating plausibility diagnostics...
Plausibility diagnostics saved.
Generating phase / acceleration-alignment diagnostics...
Phase / acceleration alignment diagnostics saved.
Generating RV consistency check...
RV consistency check saved.
Generating IMBH position density map...
IMBH position density map saved.
Generating 3D orbit animation...
3D orbit animation saved to: /lustre09/project/6039459/vhenault/OCen_IMBH/Ocen_IMBH_analysis/results/run_outputs/starsE_192c_15r_10165578_orbits_3d.mp4
Posterior stats saved to: /lustre09/project/6039459/vhenault/OCen_IMBH/Ocen_IMBH_analysis/results/run_outputs/starsE_192c_15r_10165578_posterior_stats.txt

Done. All plots written to: /lustre09/project/6039459/vhenault/OCen_IMBH/Ocen_IMBH_analysis/results/run_outputs
