┌ Warning: Circular dependency detected.
│ Precompilation will be skipped for dependencies in this cycle:
│  ┌ Octofitter
│  └─ OctofitterRadialVelocity
│ Precompilation will also be skipped for the following, which depend on the above cycle:
│   Octofitter → OctofitterPairPlotsExt
│   Octofitter → OctofitterPigeonsExt
│   Octofitter → OctofitterMakieExt
│   OctofitterRadialVelocity → OctofitterRadialVelocityMakieExt
└ @ Pkg.API.Precompilation /cvmfs/soft.computecanada.ca/easybuild/software/2023/x86-64-v3/Core/julia/1.10.10/share/julia/stdlib/v1.10/Pkg/src/precompilation.jl:583
┌ Warning: could not download https://pkg.julialang.org/registries
│   exception = RequestError: Failed to connect to pkg.julialang.org port 443 after 30005 ms: Timeout was reached while requesting https://pkg.julialang.org/registries
└ @ Pkg.Registry /cvmfs/soft.computecanada.ca/easybuild/software/2023/x86-64-v3/Core/julia/1.10.10/share/julia/stdlib/v1.10/Pkg/src/Registry/Registry.jl:69
    Updating registry at `~/.julia/registries/General.toml`
   Resolving package versions...
  No Changes to `/lustre09/project/6039459/vhenault/OCen_IMBH/Octofitter_imbh.jl/Project.toml`
  No Changes to `/lustre09/project/6039459/vhenault/OCen_IMBH/Octofitter_imbh.jl/Manifest.toml`
┌ Warning: Circular dependency detected.
│ Precompilation will be skipped for dependencies in this cycle:
│  ┌ Octofitter
│  └─ OctofitterRadialVelocity
│ Precompilation will also be skipped for the following, which depend on the above cycle:
│   Octofitter → OctofitterPairPlotsExt
│   Octofitter → OctofitterPigeonsExt
│   Octofitter → OctofitterMakieExt
│   OctofitterRadialVelocity → OctofitterRadialVelocityMakieExt
└ @ Pkg.API.Precompilation /cvmfs/soft.computecanada.ca/easybuild/software/2023/x86-64-v3/Core/julia/1.10.10/share/julia/stdlib/v1.10/Pkg/src/precompilation.jl:583
Loaded config: /lustre09/project/6039459/vhenault/OCen_IMBH/Ocen_IMBH_analysis/configs/noAccel_17r_cont10549504.toml
Resume mode: will load PT checkpoint from: /home/vhenault/links/projects/def-vhenault/vhenault/OCen_IMBH/Ocen_IMBH_analysis/launch_scripts/results/all/2026-04-17-15-46-45-SSKpVEU1
[ Info: Preparing model
┌ Info: Determined number of free variables
└   D = 49
┌ Info: Determined number type
└   T = Float64
ℓπcallback(θ): 0.000042 seconds
∇ℓπcallback(θ): 0.002149 seconds (7 allocations: 181.047 KiB)
Run summary written to /lustre09/project/6039459/vhenault/OCen_IMBH/Ocen_IMBH_analysis/configs/../results/run_outputs/starsACDEF_192c_17r_cont_10691237_summary.md
Loading PT checkpoint from: /home/vhenault/links/projects/def-vhenault/vhenault/OCen_IMBH/Ocen_IMBH_analysis/launch_scripts/results/all/2026-04-17-15-46-45-SSKpVEU1
Resuming: 16 rounds done, running 1 additional → 17 total
┌ Warning: The set of successful reports changed
└ @ Pigeons ~/.julia/packages/Pigeons/xyBiB/src/pt/report.jl:46
────────────────────────────────────────────────────────────────────────────────────────────────────────────────────────
  scans     restarts      Λ        Λ_var      time(s)    allc(B)  log(Z₁/Z₀)   min(α)     mean(α)    min(αₑ)   mean(αₑ) 
────────── ────────── ────────── ────────── ────────── ────────── ────────── ────────── ────────── ────────── ──────────
 1.31e+05        409       31.6       19.9   2.14e+04   5.76e+12       -192      0.823      0.866          1          1 
────────────────────────────────────────────────────────────────────────────────────────────────────────────────────────
MCMC chain (131072×83×1 Array{Float64, 3})
PT exec folder (intermediate checkpoints): /lustre09/project/6039459/vhenault/OCen_IMBH/Ocen_IMBH_analysis/launch_scripts/results/all/2026-04-19-23-25-49-p67JpLv3
PT location written to: /lustre09/project/6039459/vhenault/OCen_IMBH/Ocen_IMBH_analysis/configs/../results/run_outputs/starsACDEF_192c_17r_cont_10691237_pt_location.txt
Loaded configuration from: /lustre09/project/6039459/vhenault/OCen_IMBH/Ocen_IMBH_analysis/results/run_outputs/starsACDEF_192c_17r_cont_10691237_summary.md
Reference epoch: 55197.0 MJD (2010.0 yr)
Loaded chain: /lustre09/project/6039459/vhenault/OCen_IMBH/Ocen_IMBH_analysis/configs/../results/run_outputs/starsACDEF_192c_17r_cont_10691237_chain.fits
MCMC chain (131072×83×1 Array{Float64, 3})
Star names from summary: A, C, D, E, F
[ Info: Preparing model
┌ Info: Determined number of free variables
└   D = 49
┌ Info: Determined number type
└   T = Float64
ℓπcallback(θ): 0.000038 seconds
∇ℓπcallback(θ): 0.001451 seconds (6 allocations: 180.969 KiB)

=== Posterior summaries (median, 68% CI) ===
Param                     Median  [     16%,      84%]
M_IMBH [10⁴ M☉]            8.261  [   7.085,    9.450]
plx [mas]                  0.191  [   0.187,    0.195]
offsetx [mas]           -353.575  [-453.174, -195.186]
offsety [mas]            216.009  [ 140.396,  323.992]
A: a [AU]               5067.253  [3375.211, 6362.009]
A: e                       0.134  [   0.033,    0.361]
A: i [°]                 105.182  [  96.932,  116.130]
A: ω [°]                 -88.212  [-136.258,   12.926]
A: Ω [°]                -126.579  [-130.086, -122.681]
C: a [AU]               6441.767  [4223.389, 8167.541]
C: e                       0.113  [   0.029,    0.303]
C: i [°]                  77.990  [  70.270,   83.847]
C: ω [°]                 -14.529  [ -96.080,  126.381]
C: Ω [°]                -162.691  [-168.486,   15.945]
D: a [AU]              10356.301  [6403.937, 13084.438]
D: e                       0.136  [   0.034,    0.375]
D: i [°]                  69.111  [  62.163,   73.606]
D: ω [°]                  73.799  [  -1.279,  127.154]
D: Ω [°]                 122.119  [ 103.604,  125.993]
E: a [AU]               7863.437  [6821.260, 9343.462]
E: e                       0.808  [   0.499,    0.939]
E: i [°]                  99.844  [  94.355,  106.823]
E: ω [°]                 163.764  [ 147.328,  172.418]
E: Ω [°]                 122.895  [ 120.319,  125.315]
F: a [AU]              14659.239  [12735.303, 17945.409]
F: e                       0.178  [   0.111,    0.235]
F: i [°]                  27.012  [   8.957,   41.530]
F: ω [°]                  24.823  [ -12.987,   56.196]
F: Ω [°]                 165.822  [ -94.680,  174.372]

Generating corner plot...
Corner plot saved.
Generating orbit panels...
Orbit panels saved.
Generating posterior panels...
Posterior panels saved.
Generating plausibility diagnostics...
Plausibility diagnostics saved.
Generating phase / acceleration-alignment diagnostics...
Phase / acceleration alignment diagnostics saved.
Generating RV consistency check...
RV consistency check saved.
Generating acceleration posterior predictive check...
Acceleration posterior predictive check saved.
Generating IMBH position density map...
IMBH position density map saved.
Generating 3D orbit animation...
3D orbit animation saved to: /lustre09/project/6039459/vhenault/OCen_IMBH/Ocen_IMBH_analysis/results/run_outputs/starsACDEF_192c_17r_cont_10691237_orbits_3d.mp4
Posterior stats saved to: /lustre09/project/6039459/vhenault/OCen_IMBH/Ocen_IMBH_analysis/results/run_outputs/starsACDEF_192c_17r_cont_10691237_posterior_stats.txt

Done. All plots written to: /lustre09/project/6039459/vhenault/OCen_IMBH/Ocen_IMBH_analysis/results/run_outputs
