┌ Warning: Circular dependency detected.
│ Precompilation will be skipped for dependencies in this cycle:
│  ┌ Octofitter
│  └─ OctofitterRadialVelocity
│ Precompilation will also be skipped for the following, which depend on the above cycle:
│   Octofitter → OctofitterPairPlotsExt
│   Octofitter → OctofitterPigeonsExt
│   Octofitter → OctofitterMakieExt
│   OctofitterRadialVelocity → OctofitterRadialVelocityMakieExt
└ @ Pkg.API.Precompilation /cvmfs/soft.computecanada.ca/easybuild/software/2023/x86-64-v3/Core/julia/1.10.10/share/julia/stdlib/v1.10/Pkg/src/precompilation.jl:583
┌ Warning: could not download https://pkg.julialang.org/registries
│   exception = RequestError: Failed to connect to pkg.julialang.org port 443 after 30004 ms: Timeout was reached while requesting https://pkg.julialang.org/registries
└ @ Pkg.Registry /cvmfs/soft.computecanada.ca/easybuild/software/2023/x86-64-v3/Core/julia/1.10.10/share/julia/stdlib/v1.10/Pkg/src/Registry/Registry.jl:69
    Updating registry at `~/.julia/registries/General.toml`
   Resolving package versions...
  No Changes to `/lustre09/project/6039459/vhenault/OCen_IMBH/Octofitter_imbh.jl/Project.toml`
  No Changes to `/lustre09/project/6039459/vhenault/OCen_IMBH/Octofitter_imbh.jl/Manifest.toml`
┌ Warning: Circular dependency detected.
│ Precompilation will be skipped for dependencies in this cycle:
│  ┌ Octofitter
│  └─ OctofitterRadialVelocity
│ Precompilation will also be skipped for the following, which depend on the above cycle:
│   Octofitter → OctofitterPairPlotsExt
│   Octofitter → OctofitterPigeonsExt
│   Octofitter → OctofitterMakieExt
│   OctofitterRadialVelocity → OctofitterRadialVelocityMakieExt
└ @ Pkg.API.Precompilation /cvmfs/soft.computecanada.ca/easybuild/software/2023/x86-64-v3/Core/julia/1.10.10/share/julia/stdlib/v1.10/Pkg/src/precompilation.jl:583
Loaded config: /lustre09/project/6039459/vhenault/OCen_IMBH/Ocen_IMBH_analysis/configs/C_only.toml
[ Info: Preparing model
┌ Info: Determined number of free variables
└   D = 13
┌ Info: Determined number type
└   T = Float64
ℓπcallback(θ): 0.000015 seconds
∇ℓπcallback(θ): 0.000043 seconds (1 allocation: 32 bytes)
Run summary written to /lustre09/project/6039459/vhenault/OCen_IMBH/Ocen_IMBH_analysis/configs/../results/run_outputs/starsC_192c_15r_10036742_summary.md
┌ Warning: This model has priors that cannot be sampled IID.
└ @ OctofitterPigeonsExt /lustre09/project/6039459/vhenault/OCen_IMBH/Octofitter_imbh.jl/ext/OctofitterPigeonsExt/OctofitterPigeonsExt.jl:105
[ Info: Sampler running with multiple threads     : true
[ Info: Likelihood evaluated with multiple threads: false
┌ Info: Starting values not provided for all parameters! Guessing starting point using global optimization:
│   num_params = 13
└   num_fixed = 0
┌ Info: Found sample of initial positions
│   logpost_range = (-11.975816076332222, -7.081142143862326)
└   mean_logpost = -8.827777660515803
────────────────────────────────────────────────────────────────────────────────────────────────────────────────────────
  scans     restarts      Λ        Λ_var      time(s)    allc(B)  log(Z₁/Z₀)   min(α)     mean(α)    min(αₑ)   mean(αₑ) 
────────── ────────── ────────── ────────── ────────── ────────── ────────── ────────── ────────── ────────── ──────────
        2          0       3.93       3.22      0.674   4.87e+07   -7.5e+06          0      0.981          1          1 
        4          0       6.74       9.89      0.261   2.68e+06      -51.6  3.85e-309      0.957          1          1 
        8          0       9.16       10.7       0.52   5.48e+06      -14.1  1.14e-204      0.948          1          1 
       16          0       10.4       12.1       1.14   1.12e+07        -17      0.154      0.941          1          1 
       32          0       11.6       12.2        2.1   2.02e+07      -19.9      0.312      0.938          1          1 
       64          0       12.3       5.45       4.51   7.65e+08      -47.8      0.661      0.954          1          1 
      128          0         13       5.29       8.41   1.56e+09      -36.1       0.84      0.952          1          1 
      256          0         13       5.92       17.2    3.1e+09      -34.1      0.795      0.951          1          1 
      512          4       13.1       7.35       34.8   6.15e+09      -31.7      0.737      0.946          1          1 
 1.02e+03         18       13.3       7.98       70.2   1.16e+10      -30.4      0.893      0.945          1          1 
 2.05e+03         52       13.3       8.53        143   2.26e+10      -29.1      0.916      0.943          1          1 
  4.1e+03        122       13.3        9.1        286   4.47e+10      -28.3      0.914      0.941          1          1 
 8.19e+03        252       13.3       9.49        576   8.94e+10      -27.6       0.92      0.941          1          1 
 1.64e+04        509       13.3       9.65   1.15e+03   1.79e+11      -27.3      0.923       0.94          1          1 
 3.28e+04    1.1e+03       13.3        9.8   2.31e+03   3.55e+11      -27.3      0.924       0.94          1          1 
────────────────────────────────────────────────────────────────────────────────────────────────────────────────────────
MCMC chain (32768×23×1 Array{Float64, 3})
Loaded configuration from: /lustre09/project/6039459/vhenault/OCen_IMBH/Ocen_IMBH_analysis/results/run_outputs/starsC_192c_15r_10036742_summary.md
Reference epoch: 55197.0 MJD (2010.0 yr)
Loaded chain: /lustre09/project/6039459/vhenault/OCen_IMBH/Ocen_IMBH_analysis/configs/../results/run_outputs/starsC_192c_15r_10036742_chain.fits
MCMC chain (32768×23×1 Array{Float64, 3})
Star names from summary: C
[ Info: Preparing model
┌ Info: Determined number of free variables
└   D = 13
┌ Info: Determined number type
└   T = Float64
ℓπcallback(θ): 0.000011 seconds
∇ℓπcallback(θ): 0.000030 seconds (1 allocation: 32 bytes)

=== Posterior summaries (median, 68% CI) ===
Param                     Median  [     16%,      84%]
M_IMBH [10⁴ M☉]            6.671  [   4.281,    8.927]
plx [mas]                  0.190  [   0.186,    0.194]
offsetx [mas]           -287.432  [-1165.153,  515.321]
offsety [mas]            659.341  [ 346.432,  939.982]
C: a [AU]               5475.028  [3403.434, 7696.374]
C: e                       0.121  [   0.030,    0.326]
C: i [°]                  77.597  [  28.920,  131.872]
C: ω [°]                   5.834  [-115.610,  120.563]
C: Ω [°]                   2.417  [-162.126,   43.045]
Posterior stats saved to: /lustre09/project/6039459/vhenault/OCen_IMBH/Ocen_IMBH_analysis/results/run_outputs/starsC_192c_15r_10036742_posterior_stats.txt

Generating corner plot...
Corner plot saved.
Generating orbit panels...
Orbit panels saved.
Generating posterior panels...
Posterior panels saved.
Generating IMBH position density map...
IMBH position density map saved.
Generating 3D orbit animation...
3D orbit animation saved to: /lustre09/project/6039459/vhenault/OCen_IMBH/Ocen_IMBH_analysis/results/run_outputs/starsC_192c_15r_10036742_orbits_3d.mp4

Done. All plots written to: /lustre09/project/6039459/vhenault/OCen_IMBH/Ocen_IMBH_analysis/results/run_outputs
