┌ Warning: Circular dependency detected.
│ Precompilation will be skipped for dependencies in this cycle:
│  ┌ Octofitter
│  └─ OctofitterRadialVelocity
│ Precompilation will also be skipped for the following, which depend on the above cycle:
│   Octofitter → OctofitterPairPlotsExt
│   Octofitter → OctofitterPigeonsExt
│   Octofitter → OctofitterMakieExt
│   OctofitterRadialVelocity → OctofitterRadialVelocityMakieExt
└ @ Pkg.API.Precompilation /cvmfs/soft.computecanada.ca/easybuild/software/2023/x86-64-v3/Core/julia/1.10.10/share/julia/stdlib/v1.10/Pkg/src/precompilation.jl:583
┌ Warning: could not download https://pkg.julialang.org/registries
│   exception = RequestError: Failed to connect to pkg.julialang.org port 443 after 30004 ms: Timeout was reached while requesting https://pkg.julialang.org/registries
└ @ Pkg.Registry /cvmfs/soft.computecanada.ca/easybuild/software/2023/x86-64-v3/Core/julia/1.10.10/share/julia/stdlib/v1.10/Pkg/src/Registry/Registry.jl:69
    Updating registry at `~/.julia/registries/General.toml`
   Resolving package versions...
  No Changes to `/lustre09/project/6039459/vhenault/OCen_IMBH/Octofitter_imbh.jl/Project.toml`
  No Changes to `/lustre09/project/6039459/vhenault/OCen_IMBH/Octofitter_imbh.jl/Manifest.toml`
┌ Warning: Circular dependency detected.
│ Precompilation will be skipped for dependencies in this cycle:
│  ┌ Octofitter
│  └─ OctofitterRadialVelocity
│ Precompilation will also be skipped for the following, which depend on the above cycle:
│   Octofitter → OctofitterPairPlotsExt
│   Octofitter → OctofitterPigeonsExt
│   Octofitter → OctofitterMakieExt
│   OctofitterRadialVelocity → OctofitterRadialVelocityMakieExt
└ @ Pkg.API.Precompilation /cvmfs/soft.computecanada.ca/easybuild/software/2023/x86-64-v3/Core/julia/1.10.10/share/julia/stdlib/v1.10/Pkg/src/precompilation.jl:583
Loaded config: /lustre09/project/6039459/vhenault/OCen_IMBH/Ocen_IMBH_analysis/configs/ACDEF_Daccel_only.toml
[ Info: Preparing model
┌ Info: Determined number of free variables
└   D = 49
┌ Info: Determined number type
└   T = Float64
ℓπcallback(θ): 0.000045 seconds
∇ℓπcallback(θ): 0.002157 seconds (7 allocations: 181.047 KiB)
Run summary written to /lustre09/project/6039459/vhenault/OCen_IMBH/Ocen_IMBH_analysis/configs/../results/run_outputs/starsACDEF_192c_15r_10184975_summary.md
┌ Warning: This model has priors that cannot be sampled IID.
└ @ OctofitterPigeonsExt /lustre09/project/6039459/vhenault/OCen_IMBH/Octofitter_imbh.jl/ext/OctofitterPigeonsExt/OctofitterPigeonsExt.jl:105
[ Info: Sampler running with multiple threads     : true
[ Info: Likelihood evaluated with multiple threads: false
┌ Info: Starting values not provided for all parameters! Guessing starting point using global optimization:
│   num_params = 49
└   num_fixed = 0
┌ Info: Found sample of initial positions
│   logpost_range = (-106.21477785472644, -92.11338564379761)
└   mean_logpost = -105.12324051213494
────────────────────────────────────────────────────────────────────────────────────────────────────────────────────────
  scans     restarts      Λ        Λ_var      time(s)    allc(B)  log(Z₁/Z₀)   min(α)     mean(α)    min(αₑ)   mean(αₑ) 
────────── ────────── ────────── ────────── ────────── ────────── ────────── ────────── ────────── ────────── ──────────
        2          0        5.6       9.75      0.979   5.15e+07  -1.66e+07          0       0.96          1          1 
        4          0       12.5         11      0.597   2.88e+06  -7.92e+05          0      0.939          1          1 
        8          0       17.4         16        1.2   5.79e+06  -3.72e+04          0      0.913          1          1 
       16          0       22.1       19.3        2.4   1.16e+07  -2.27e+03          0      0.892          1          1 
       32          0       23.9       23.9       4.87   2.01e+07       -258  4.54e-116      0.875          1          1 
       64          0       25.8       15.2       9.83   2.85e+09       -202    1.3e-07      0.893          1          1 
      128          0       28.1       16.2       19.4    5.9e+09       -216     0.0514      0.884          1          1 
      256          0       29.1       14.2       39.2   1.18e+10       -220      0.386      0.887          1          1 
      512          0       29.9       16.1       83.3   2.42e+10       -208      0.711       0.88          1          1 
 1.02e+03          0       30.2       15.6        162   4.72e+10       -211      0.801       0.88          1          1 
 2.05e+03          0       30.7       16.3        336   9.72e+10       -206      0.785      0.877          1          1 
  4.1e+03          0         31       17.1        696    1.9e+11       -199       0.81      0.874          1          1 
 8.19e+03          1       30.9       17.4   1.38e+03   3.89e+11       -200      0.824      0.874          1          1 
 1.64e+04          2       30.9       17.5   2.83e+03   7.64e+11       -203      0.819      0.874          1          1 
 3.28e+04         65       31.2       17.6   5.65e+03   1.53e+12       -205      0.818      0.872          1          1 
────────────────────────────────────────────────────────────────────────────────────────────────────────────────────────
MCMC chain (32768×83×1 Array{Float64, 3})
Loaded configuration from: /lustre09/project/6039459/vhenault/OCen_IMBH/Ocen_IMBH_analysis/results/run_outputs/starsACDEF_192c_15r_10184975_summary.md
Reference epoch: 55197.0 MJD (2010.0 yr)
Loaded chain: /lustre09/project/6039459/vhenault/OCen_IMBH/Ocen_IMBH_analysis/configs/../results/run_outputs/starsACDEF_192c_15r_10184975_chain.fits
MCMC chain (32768×83×1 Array{Float64, 3})
Star names from summary: A, C, D, E, F
[ Info: Preparing model
┌ Info: Determined number of free variables
└   D = 49
┌ Info: Determined number type
└   T = Float64
ℓπcallback(θ): 0.000041 seconds
∇ℓπcallback(θ): 0.003001 seconds (6 allocations: 180.969 KiB)

=== Posterior summaries (median, 68% CI) ===
Param                     Median  [     16%,      84%]
M_IMBH [10⁴ M☉]            4.002  [   3.718,    4.419]
plx [mas]                  0.191  [   0.187,    0.195]
offsetx [mas]            156.292  [ 120.555,  202.577]
offsety [mas]            550.741  [ 486.701,  589.568]
A: a [AU]               6145.710  [5151.115, 7656.648]
A: e                       0.921  [   0.860,    0.942]
A: i [°]                 139.004  [ 119.609,  154.668]
A: ω [°]                 -25.239  [ -34.100,  -16.334]
A: Ω [°]                  42.388  [  34.892,   53.022]
C: a [AU]               3688.927  [3205.722, 4167.372]
C: e                       0.073  [   0.022,    0.153]
C: i [°]                  25.488  [  14.508,   39.898]
C: ω [°]                   6.749  [-122.287,  112.663]
C: Ω [°]                   7.360  [-148.294,   88.295]
D: a [AU]               4293.439  [2945.021, 5630.704]
D: e                       0.131  [   0.036,    0.282]
D: i [°]                  77.864  [  73.443,   80.799]
D: ω [°]                  57.860  [  20.158,  108.904]
D: Ω [°]                 126.842  [ 123.660,  134.929]
E: a [AU]              15260.425  [13052.209, 17855.473]
E: e                       0.691  [   0.639,    0.735]
E: i [°]                  76.035  [  74.394,   77.838]
E: ω [°]                 129.770  [ 122.354,  137.098]
E: Ω [°]                 133.244  [ 131.956,  134.322]
F: a [AU]             474098.811  [377736.337, 520986.918]
F: e                       0.966  [   0.957,    0.969]
F: i [°]                  49.156  [  45.961,   52.517]
F: ω [°]                 101.291  [  94.716,  107.645]
F: Ω [°]                 -12.356  [ -15.120,   -9.637]

Generating corner plot...
Corner plot saved.
Generating orbit panels...
Orbit panels saved.
Generating posterior panels...
Posterior panels saved.
Generating plausibility diagnostics...
Plausibility diagnostics saved.
Generating phase / acceleration-alignment diagnostics...
Phase / acceleration alignment diagnostics saved.
Generating RV consistency check...
RV consistency check saved.
Generating IMBH position density map...
IMBH position density map saved.
Generating 3D orbit animation...
3D orbit animation saved to: /lustre09/project/6039459/vhenault/OCen_IMBH/Ocen_IMBH_analysis/results/run_outputs/starsACDEF_192c_15r_10184975_orbits_3d.mp4
Posterior stats saved to: /lustre09/project/6039459/vhenault/OCen_IMBH/Ocen_IMBH_analysis/results/run_outputs/starsACDEF_192c_15r_10184975_posterior_stats.txt

Done. All plots written to: /lustre09/project/6039459/vhenault/OCen_IMBH/Ocen_IMBH_analysis/results/run_outputs
