Loaded config: /lustre09/project/6039459/vhenault/OCen_IMBH/Ocen_IMBH_analysis/configs/E_only.toml
[ Info: Preparing model
┌ Info: Determined number of free variables
└   D = 13
┌ Info: Determined number type
└   T = Float64
ℓπcallback(θ): 0.000017 seconds
∇ℓπcallback(θ): 0.000043 seconds (1 allocation: 32 bytes)
Run summary written to /lustre09/project/6039459/vhenault/OCen_IMBH/Ocen_IMBH_analysis/configs/../results/run_outputs/starsE_192c_15r_10036746_summary.md
┌ Warning: This model has priors that cannot be sampled IID.
└ @ OctofitterPigeonsExt /lustre09/project/6039459/vhenault/OCen_IMBH/Octofitter_imbh.jl/ext/OctofitterPigeonsExt/OctofitterPigeonsExt.jl:105
[ Info: Sampler running with multiple threads     : true
[ Info: Likelihood evaluated with multiple threads: false
┌ Info: Starting values not provided for all parameters! Guessing starting point using global optimization:
│   num_params = 13
└   num_fixed = 0
┌ Info: Found sample of initial positions
│   logpost_range = (-18.838059308083537, -11.460892527806317)
└   mean_logpost = -13.31444380065348
────────────────────────────────────────────────────────────────────────────────────────────────────────────────────────
  scans     restarts      Λ        Λ_var      time(s)    allc(B)  log(Z₁/Z₀)   min(α)     mean(α)    min(αₑ)   mean(αₑ) 
────────── ────────── ────────── ────────── ────────── ────────── ────────── ────────── ────────── ────────── ──────────
        2          0       5.62       5.86      0.842    6.4e+07   -5.4e+05          0       0.97          1          1 
        4          0       7.81       6.03      0.277   2.68e+06  -3.17e+03          0      0.964          1          1 
        8          0       9.08       8.51      0.531   5.44e+06        -34  9.12e-249      0.954          1          1 
       16          0       11.3       11.3       1.07   1.13e+07      -21.7     0.0593      0.941          1          1 
       32          0       12.6       12.3       2.11   2.02e+07      -22.8      0.101      0.935      0.999          1 
       64          0         13       5.27       4.42   8.03e+08      -53.3      0.568      0.952          1          1 
      128          0         13       5.27       8.73   1.63e+09        -45      0.819      0.952          1          1 
      256          0       13.8       6.05         17    3.2e+09      -43.4      0.847      0.948          1          1 
      512          3       13.7       6.58       35.1   6.29e+09      -41.7      0.887      0.947          1          1 
 1.02e+03         12       13.7       7.07       71.9   1.24e+10      -40.2      0.904      0.946          1          1 
 2.05e+03         62       13.7       7.46        146   2.43e+10      -39.3      0.906      0.945          1          1 
  4.1e+03         90       13.8       9.16        306   4.83e+10      -38.1       0.75       0.94          1          1 
 8.19e+03        194       13.9       9.75        604   9.36e+10      -37.3      0.917      0.938          1          1 
 1.64e+04        385         14       10.2   1.22e+03   1.87e+11      -36.7      0.917      0.937          1          1 
 3.28e+04        785         14       10.2   2.43e+03   3.71e+11      -36.2      0.917      0.937          1          1 
────────────────────────────────────────────────────────────────────────────────────────────────────────────────────────
MCMC chain (32768×23×1 Array{Float64, 3})
Loaded configuration from: /lustre09/project/6039459/vhenault/OCen_IMBH/Ocen_IMBH_analysis/results/run_outputs/starsE_192c_15r_10036746_summary.md
Reference epoch: 55197.0 MJD (2010.0 yr)
Loaded chain: /lustre09/project/6039459/vhenault/OCen_IMBH/Ocen_IMBH_analysis/configs/../results/run_outputs/starsE_192c_15r_10036746_chain.fits
MCMC chain (32768×23×1 Array{Float64, 3})
Star names from summary: E
[ Info: Preparing model
┌ Info: Determined number of free variables
└   D = 13
┌ Info: Determined number type
└   T = Float64
ℓπcallback(θ): 0.000014 seconds
∇ℓπcallback(θ): 0.000068 seconds (1 allocation: 32 bytes)

=== Posterior summaries (median, 68% CI) ===
Param                     Median  [     16%,      84%]
M_IMBH [10⁴ M☉]            4.919  [   3.189,    7.169]
plx [mas]                  0.190  [   0.186,    0.194]
offsetx [mas]           1898.506  [1367.519, 2332.124]
offsety [mas]            -82.428  [-690.109,  531.504]
E: a [AU]               6874.530  [4358.753, 10302.137]
E: e                       0.169  [   0.040,    0.476]
E: i [°]                  43.397  [  25.913,   78.647]
E: ω [°]                  47.384  [-126.337,  141.886]
E: Ω [°]                 -69.712  [-131.527,  139.068]
Posterior stats saved to: /lustre09/project/6039459/vhenault/OCen_IMBH/Ocen_IMBH_analysis/results/run_outputs/starsE_192c_15r_10036746_posterior_stats.txt

Generating corner plot...
Corner plot saved.
Generating orbit panels...
Orbit panels saved.
Generating posterior panels...
Posterior panels saved.
Generating IMBH position density map...
IMBH position density map saved.
Generating 3D orbit animation...
3D orbit animation saved to: /lustre09/project/6039459/vhenault/OCen_IMBH/Ocen_IMBH_analysis/results/run_outputs/starsE_192c_15r_10036746_orbits_3d.mp4

Done. All plots written to: /lustre09/project/6039459/vhenault/OCen_IMBH/Ocen_IMBH_analysis/results/run_outputs
