Loaded config: /lustre09/project/6039459/vhenault/OCen_IMBH/Ocen_IMBH_analysis/configs/leaveD.toml
[ Info: Preparing model
┌ Info: Determined number of free variables
└   D = 40
┌ Info: Determined number type
└   T = Float64
ℓπcallback(θ): 0.000048 seconds
∇ℓπcallback(θ): 0.001660 seconds (2 allocations: 112 bytes)
Run summary written to /lustre09/project/6039459/vhenault/OCen_IMBH/Ocen_IMBH_analysis/configs/../results/run_outputs/starsACEF_192c_15r_10012126_summary.md
┌ Warning: This model has priors that cannot be sampled IID.
└ @ OctofitterPigeonsExt /lustre09/project/6039459/vhenault/OCen_IMBH/Octofitter_imbh.jl/ext/OctofitterPigeonsExt/OctofitterPigeonsExt.jl:105
[ Info: Sampler running with multiple threads     : true
[ Info: Likelihood evaluated with multiple threads: false
┌ Info: Starting values not provided for all parameters! Guessing starting point using global optimization:
│   num_params = 40
└   num_fixed = 0
┌ Info: Found sample of initial positions
│   logpost_range = (-125.5063402016383, -116.86914880674097)
└   mean_logpost = -119.66669378447295
────────────────────────────────────────────────────────────────────────────────────────────────────────────────────────
  scans     restarts      Λ        Λ_var      time(s)    allc(B)  log(Z₁/Z₀)   min(α)     mean(α)    min(αₑ)   mean(αₑ) 
────────── ────────── ────────── ────────── ────────── ────────── ────────── ────────── ────────── ────────── ──────────
        2          0       8.53       5.58      0.939   7.87e+07  -1.28e+07          0      0.963          1          1 
        4          0       12.5       11.5      0.448   2.78e+06  -3.71e+05          0      0.937          1          1 
        8          0       15.5       17.6      0.887   5.54e+06  -5.38e+03          0      0.914      0.999          1 
       16          0       18.8       19.6       1.77   1.12e+07  -1.92e+03          0        0.9      0.999          1 
       32          0       22.6       23.1       3.56   1.97e+07       -181   5.27e-37      0.881          1          1 
       64          0       25.5       14.6       7.44    2.3e+09       -213     0.0323      0.895          1          1 
      128          0       25.8       14.8       14.4   4.66e+09       -210     0.0763      0.894          1          1 
      256          0       26.7       14.9       28.7    9.4e+09       -209      0.431      0.892          1          1 
      512          0       27.6       15.4       64.2   1.89e+10       -208      0.729      0.888          1          1 
 1.02e+03          0         28       15.7        121   3.75e+10       -203      0.633      0.886          1          1 
 2.05e+03          0       28.2       18.2        247   7.54e+10       -200      0.663      0.879          1          1 
  4.1e+03          2       28.7       18.6        498   1.45e+11       -199      0.653      0.877          1          1 
 8.19e+03         29       29.4       20.3   1.04e+03   2.93e+11       -175      0.734       0.87          1          1 
 1.64e+04         27       29.6       19.1   2.15e+03   5.87e+11       -140       0.77      0.873          1          1 
 3.28e+04         86       29.3         18   4.27e+03   1.17e+12       -133      0.837      0.877          1          1 
────────────────────────────────────────────────────────────────────────────────────────────────────────────────────────
MCMC chain (32768×68×1 Array{Float64, 3})
Loaded configuration from: /lustre09/project/6039459/vhenault/OCen_IMBH/Ocen_IMBH_analysis/results/run_outputs/starsACEF_192c_15r_10012126_summary.md
Reference epoch: 55197.0 MJD (2010.0 yr)
Loaded chain: /lustre09/project/6039459/vhenault/OCen_IMBH/Ocen_IMBH_analysis/configs/../results/run_outputs/starsACEF_192c_15r_10012126_chain.fits
MCMC chain (32768×68×1 Array{Float64, 3})
Star names from summary: A, C, E, F
[ Info: Preparing model
┌ Info: Determined number of free variables
└   D = 40
┌ Info: Determined number type
└   T = Float64
ℓπcallback(θ): 0.000029 seconds
∇ℓπcallback(θ): 0.000619 seconds (1 allocation: 32 bytes)

=== Posterior summaries (median, 68% CI) ===
Param                     Median  [     16%,      84%]
M_IMBH [10⁴ M☉]            6.530  [   6.070,    7.062]
plx [mas]                  0.190  [   0.187,    0.195]
offsetx [mas]           -189.450  [-301.287,  -77.463]
offsety [mas]            731.010  [ 622.006,  833.931]
A: a [AU]               6797.130  [4737.600, 9624.574]
A: e                       0.540  [   0.400,    0.696]
A: i [°]                 133.494  [ 121.967,  141.263]
A: ω [°]                 -15.169  [ -51.790,  164.259]
A: Ω [°]                  45.418  [-115.686,   58.435]
C: a [AU]               5848.086  [3864.213, 7106.251]
C: e                       0.153  [   0.037,    0.366]
C: i [°]                  76.920  [  69.219,   82.540]
C: ω [°]                 -51.894  [-123.067,   92.399]
C: Ω [°]                -157.980  [-163.765,   19.278]
E: a [AU]              10282.675  [9177.187, 12357.236]
E: e                       0.984  [   0.923,    0.988]
E: i [°]                  40.462  [  26.593,   65.997]
E: ω [°]                 140.068  [ 120.949,  156.959]
E: Ω [°]                 146.051  [-153.330,  166.158]
F: a [AU]              12522.865  [11467.143, 13745.458]
F: e                       0.060  [   0.017,    0.105]
F: i [°]                  15.993  [   6.624,   25.727]
F: ω [°]                  53.245  [ -98.974,  129.708]
F: Ω [°]                  13.089  [ -70.918,  171.875]
Posterior stats saved to: /lustre09/project/6039459/vhenault/OCen_IMBH/Ocen_IMBH_analysis/results/run_outputs/starsACEF_192c_15r_10012126_posterior_stats.txt

Generating corner plot...
Corner plot saved.
Generating orbit panels...
Orbit panels saved.
Generating posterior panels...
Posterior panels saved.
Generating IMBH position density map...
IMBH position density map saved.
Generating 3D orbit animation...
3D orbit animation saved to: /lustre09/project/6039459/vhenault/OCen_IMBH/Ocen_IMBH_analysis/results/run_outputs/starsACEF_192c_15r_10012126_orbits_3d.mp4

Done. All plots written to: /lustre09/project/6039459/vhenault/OCen_IMBH/Ocen_IMBH_analysis/results/run_outputs
