Loaded config: /lustre09/project/6039459/vhenault/OCen_IMBH/Ocen_IMBH_analysis/configs/17r_5stars.toml
[ Info: Preparing model
┌ Info: Determined number of free variables
└   D = 49
┌ Info: Determined number type
└   T = Float64
ℓπcallback(θ): 0.000042 seconds
∇ℓπcallback(θ): 0.002174 seconds (7 allocations: 181.047 KiB)
Run summary written to /lustre09/project/6039459/vhenault/OCen_IMBH/Ocen_IMBH_analysis/configs/../results/run_outputs/starsACDEF_192c_17r_9840617_summary.md
┌ Warning: This model has priors that cannot be sampled IID.
└ @ OctofitterPigeonsExt /lustre09/project/6039459/vhenault/OCen_IMBH/Octofitter_imbh.jl/ext/OctofitterPigeonsExt/OctofitterPigeonsExt.jl:105
[ Info: Sampler running with multiple threads     : true
[ Info: Likelihood evaluated with multiple threads: false
┌ Info: Starting values not provided for all parameters! Guessing starting point using global optimization:
│   num_params = 49
└   num_fixed = 0
┌ Info: Found sample of initial positions
│   logpost_range = (-111.35785783058557, -92.78849099434001)
└   mean_logpost = -100.87555466130438
────────────────────────────────────────────────────────────────────────────────────────────────────────────────────────
  scans     restarts      Λ        Λ_var      time(s)    allc(B)  log(Z₁/Z₀)   min(α)     mean(α)    min(αₑ)   mean(αₑ) 
────────── ────────── ────────── ────────── ────────── ────────── ────────── ────────── ────────── ────────── ──────────
        2          0       6.94       8.69       1.01   7.17e+07  -4.42e+06          0      0.959          1          1 
        4          0       12.2       13.6      0.571   2.88e+06  -2.47e+05          0      0.933          1          1 
        8          0         17       15.6       1.14   5.78e+06  -1.19e+04          0      0.915          1          1 
       16          0       21.9         20       2.28   1.15e+07       -739          0       0.89          1          1 
       32          0         23       23.2       4.59   2.05e+07       -217   3.38e-85       0.88          1          1 
       64          0       25.5       11.6       9.59   2.91e+09       -461   0.000639      0.903          1          1 
      128          0       28.1       12.6       18.7   6.02e+09       -219      0.187      0.894          1          1 
      256          0       28.8       12.8       37.5   1.22e+10       -210      0.561      0.891          1          1 
      512          0       29.1       13.2       80.5   2.41e+10       -203      0.793       0.89          1          1 
 1.02e+03          2       29.3         14        155   4.79e+10       -198      0.807      0.887          1          1 
 2.05e+03          4       29.5         15        330    9.5e+10       -192      0.704      0.884          1          1 
  4.1e+03         19       29.6       18.5        657   1.88e+11       -180      0.523      0.874          1          1 
 8.19e+03         32       30.3       19.7   1.29e+03   3.64e+11       -167      0.415       0.87          1          1 
 1.64e+04         31       30.4       19.8   2.67e+03   7.17e+11       -157      0.504      0.869          1          1 
 3.28e+04         45       30.7       24.2   5.53e+03   1.44e+12       -138      0.605      0.857          1          1 
 6.55e+04         34       30.7       24.3   1.12e+04   2.78e+12       -120      0.775      0.856          1          1 
 1.31e+05         40       30.8       24.4   2.23e+04   5.52e+12       -108      0.823      0.856          1          1 
────────────────────────────────────────────────────────────────────────────────────────────────────────────────────────
MCMC chain (131072×83×1 Array{Float64, 3})
Loaded configuration from: /lustre09/project/6039459/vhenault/OCen_IMBH/Ocen_IMBH_analysis/results/run_outputs/starsACDEF_192c_17r_9840617_summary.md
Reference epoch: 55197.0 MJD (2010.0 yr)
Loaded chain: /lustre09/project/6039459/vhenault/OCen_IMBH/Ocen_IMBH_analysis/configs/../results/run_outputs/starsACDEF_192c_17r_9840617_chain.fits
MCMC chain (131072×83×1 Array{Float64, 3})
Star names from summary: A, C, D, E, F
[ Info: Preparing model
┌ Info: Determined number of free variables
└   D = 49
┌ Info: Determined number type
└   T = Float64
ℓπcallback(θ): 0.000051 seconds
∇ℓπcallback(θ): 0.002921 seconds (6 allocations: 180.969 KiB)

=== Posterior summaries (median, 68% CI) ===
Param                     Median  [     16%,      84%]
M_IMBH [10⁴ M☉]            8.155  [   5.959,    9.456]
plx [mas]                  0.192  [   0.187,    0.196]
offsetx [mas]           -194.450  [-347.626,    0.399]
offsety [mas]            796.662  [ 651.074,  882.723]
A: a [AU]               9817.419  [5789.946, 26522.632]
A: e                       0.563  [   0.269,    0.854]
A: i [°]                 119.977  [ 109.212,  142.363]
A: ω [°]                 -10.592  [ -72.875,  135.516]
A: Ω [°]                  41.950  [-126.897,   63.842]
C: a [AU]               7575.385  [5304.311, 19509.217]
C: e                       0.134  [   0.032,    0.633]
C: i [°]                  81.114  [  71.057,   85.006]
C: ω [°]                  20.175  [-115.846,  111.444]
C: Ω [°]                  13.936  [-162.160,   20.008]
D: a [AU]              10093.282  [7331.301, 13851.429]
D: e                       0.127  [   0.033,    0.312]
D: i [°]                  85.518  [  78.299,   89.039]
D: ω [°]                  66.750  [ -82.082,  127.445]
D: Ω [°]                 121.431  [ -56.477,  123.474]
E: a [AU]              57881.483  [24550.155, 213883.650]
E: e                       0.904  [   0.445,    0.974]
E: i [°]                  82.547  [  75.686,   85.559]
E: ω [°]                   5.741  [ -15.992,   70.756]
E: Ω [°]                 -56.211  [ -60.111,  128.600]
F: a [AU]              18086.363  [13353.260, 28562.941]
F: e                       0.106  [   0.028,    0.400]
F: i [°]                  45.583  [  20.286,   53.114]
F: ω [°]                  35.571  [-110.116,  117.806]
F: Ω [°]                 166.921  [ -11.357,  172.382]
Posterior stats saved to: /lustre09/project/6039459/vhenault/OCen_IMBH/Ocen_IMBH_analysis/results/run_outputs/starsACDEF_192c_17r_9840617_posterior_stats.txt

Generating corner plot...
Corner plot saved.
Generating orbit panels...
Orbit panels saved.
Generating posterior panels...
Posterior panels saved.
Generating IMBH position density map...
IMBH position density map saved.
Generating 3D orbit animation...
3D orbit animation saved to: /lustre09/project/6039459/vhenault/OCen_IMBH/Ocen_IMBH_analysis/results/run_outputs/starsACDEF_192c_17r_9840617_orbits_3d.mp4

Done. All plots written to: /lustre09/project/6039459/vhenault/OCen_IMBH/Ocen_IMBH_analysis/results/run_outputs
