Loaded config: /lustre09/project/6039459/vhenault/OCen_IMBH/Ocen_IMBH_analysis/configs/single_star_D.toml
[ Info: Preparing model
┌ Info: Determined number of free variables
└   D = 13
┌ Info: Determined number type
└   T = Float64
ℓπcallback(θ): 0.000014 seconds
∇ℓπcallback(θ): 0.000032 seconds (1 allocation: 32 bytes)
Run summary written to /lustre09/project/6039459/vhenault/OCen_IMBH/Ocen_IMBH_analysis/configs/../results/run_outputs/starsD_192c_15r_9722837_summary.md
┌ Warning: This model has priors that cannot be sampled IID.
└ @ OctofitterPigeonsExt /lustre09/project/6039459/vhenault/OCen_IMBH/Octofitter_imbh.jl/ext/OctofitterPigeonsExt/OctofitterPigeonsExt.jl:105
[ Info: Sampler running with multiple threads     : true
[ Info: Likelihood evaluated with multiple threads: false
┌ Info: Starting values not provided for all parameters! Guessing starting point using global optimization:
│   num_params = 13
└   num_fixed = 0
┌ Info: Found sample of initial positions
│   logpost_range = (-7.318016634953317, 1.8368671031609196)
└   mean_logpost = -0.08072960920178007
────────────────────────────────────────────────────────────────────────────────────────────────────────────────────────
  scans     restarts      Λ        Λ_var      time(s)    allc(B)  log(Z₁/Z₀)   min(α)     mean(α)    min(αₑ)   mean(αₑ) 
────────── ────────── ────────── ────────── ────────── ────────── ────────── ────────── ────────── ────────── ──────────
        2          0       5.37       5.64      0.801   6.47e+07  -2.42e+07          0      0.971          1          1 
        4          0       7.82       7.39      0.263   2.69e+06  -6.21e+04          0       0.96          1          1 
        8          0       10.3       9.48      0.525   5.49e+06   -1.7e+04          0      0.948          1          1 
       16          0       11.6       11.8       1.03   1.12e+07      -17.3    0.00021      0.939          1          1 
       32          0       12.8       13.4       2.06   2.04e+07      -15.9     0.0639      0.931          1          1 
       64          0       13.2       5.18       4.33   7.02e+08      -19.6      0.512      0.952          1          1 
      128          0         13       6.09       8.74   1.41e+09      -22.8      0.783       0.95          1          1 
      256          0       13.2        5.9       17.2   2.75e+09      -22.3       0.88       0.95          1          1 
      512          8       13.2       6.54       35.3   5.55e+09        -22      0.898      0.948          1          1 
 1.02e+03         21       13.2       7.29       70.2    1.1e+10      -21.5      0.901      0.947          1          1 
 2.05e+03         66       13.3       7.97        140    2.2e+10      -20.9      0.913      0.945          1          1 
  4.1e+03        118       13.3        8.7        285   4.44e+10      -19.6      0.882      0.943          1          1 
 8.19e+03        234       13.1         10        573    9.2e+10      -18.5      0.822       0.94          1          1 
 1.64e+04        482       13.1       10.1   1.14e+03   1.79e+11        -18      0.926       0.94          1          1 
 3.28e+04        918       13.1       10.2   2.29e+03   3.62e+11      -18.1      0.926      0.939          1          1 
────────────────────────────────────────────────────────────────────────────────────────────────────────────────────────
MCMC chain (32768×23×1 Array{Float64, 3})
Loaded configuration from: /lustre09/project/6039459/vhenault/OCen_IMBH/Ocen_IMBH_analysis/results/run_outputs/starsD_192c_15r_9722837_summary.md
Reference epoch: 55197.0 MJD (2010.0 yr)
Loaded chain: /lustre09/project/6039459/vhenault/OCen_IMBH/Ocen_IMBH_analysis/configs/../results/run_outputs/starsD_192c_15r_9722837_chain.fits
MCMC chain (32768×23×1 Array{Float64, 3})
Star names from summary: D
[ Info: Preparing model
┌ Info: Determined number of free variables
└   D = 13
┌ Info: Determined number type
└   T = Float64
ℓπcallback(θ): 0.000008 seconds
∇ℓπcallback(θ): 0.000070 seconds (1 allocation: 32 bytes)

=== Posterior summaries (median, 68% CI) ===
Param                     Median  [     16%,      84%]
M_IMBH [10⁴ M☉]            8.834  [   5.814,   11.115]
plx [mas]                  0.190  [   0.186,    0.194]
offsetx [mas]             34.739  [-411.122,  744.389]
offsety [mas]            903.951  [  91.003, 1613.201]
D: a [AU]              10367.366  [6195.394, 15481.087]
D: e                       0.126  [   0.030,    0.334]
D: i [°]                  91.144  [  63.035,  117.143]
D: ω [°]                 -19.323  [-127.583,  113.006]
D: Ω [°]                 -36.887  [ -60.728,  124.194]

Generating corner plot...
Corner plot saved.
Generating orbit panels...
Orbit panels saved.
Generating posterior panels...
Posterior panels saved.

Done. All plots written to: /lustre09/project/6039459/vhenault/OCen_IMBH/Ocen_IMBH_analysis/results/run_outputs
