Loaded config: /lustre09/project/6039459/vhenault/OCen_IMBH/Ocen_IMBH_analysis/configs/noAccel_16r.toml
[ Info: Preparing model
┌ Info: Determined number of free variables
└   D = 49
┌ Info: Determined number type
└   T = Float64
ℓπcallback(θ): 0.000041 seconds
∇ℓπcallback(θ): 0.002129 seconds (7 allocations: 181.047 KiB)
Run summary written to /lustre09/project/6039459/vhenault/OCen_IMBH/Ocen_IMBH_analysis/configs/../results/run_outputs/starsACDEF_192c_16r_10549504_summary.md
┌ Warning: This model has priors that cannot be sampled IID.
└ @ OctofitterPigeonsExt /lustre09/project/6039459/vhenault/OCen_IMBH/Octofitter_imbh.jl/ext/OctofitterPigeonsExt/OctofitterPigeonsExt.jl:105
[ Info: Sampler running with multiple threads     : true
[ Info: Likelihood evaluated with multiple threads: false
┌ Info: Starting values not provided for all parameters! Guessing starting point using global optimization:
│   num_params = 49
└   num_fixed = 0
┌ Info: Found sample of initial positions
│   logpost_range = (-101.37895755093098, -90.51573304859153)
└   mean_logpost = -96.83014953659698
────────────────────────────────────────────────────────────────────────────────────────────────────────────────────────
  scans     restarts      Λ        Λ_var      time(s)    allc(B)  log(Z₁/Z₀)   min(α)     mean(α)    min(αₑ)   mean(αₑ) 
────────── ────────── ────────── ────────── ────────── ────────── ────────── ────────── ────────── ────────── ──────────
        2          0       8.56       7.37      0.995   6.53e+07  -1.45e+07          0      0.958          1          1 
        4          0       12.9       11.3      0.582   2.88e+06  -1.36e+05          0      0.937          1          1 
        8          0       16.4       17.3       1.16   5.76e+06  -5.73e+04          0      0.912          1          1 
       16          0       20.6       20.5       2.32   1.15e+07  -1.24e+03          0      0.893          1          1 
       32          0       24.7       25.1       4.74   2.02e+07       -287  1.99e-144       0.87          1          1 
       64          0       26.1       13.1       9.61   2.96e+09       -342    1.8e-11      0.898          1          1 
      128          0         28       12.8       18.8   6.14e+09       -235     0.0456      0.894          1          1 
      256          0       29.4         13       37.8   1.23e+10       -230      0.253      0.889          1          1 
      512          0       30.2       13.5       80.2   2.46e+10       -227      0.658      0.886          1          1 
 1.02e+03          1       30.3         14        168   4.83e+10       -222      0.791      0.884          1          1 
 2.05e+03          8       30.4       15.3        337   9.61e+10       -218      0.813      0.881          1          1 
  4.1e+03         11       30.8       15.9        678    1.9e+11       -212      0.815      0.878          1          1 
 8.19e+03         45         31       16.6   1.38e+03   3.79e+11       -209      0.818      0.876          1          1 
 1.64e+04         90       31.1       17.7   2.73e+03    7.5e+11       -205      0.823      0.873          1          1 
 3.28e+04        154       31.4       18.5   5.42e+03   1.47e+12       -200      0.821       0.87          1          1 
 6.55e+04        261       31.6       19.3   1.08e+04   2.91e+12       -195      0.818      0.867          1          1 
────────────────────────────────────────────────────────────────────────────────────────────────────────────────────────
MCMC chain (65536×83×1 Array{Float64, 3})
PT exec folder (intermediate checkpoints): unknown
PT location written to: /lustre09/project/6039459/vhenault/OCen_IMBH/Ocen_IMBH_analysis/configs/../results/run_outputs/starsACDEF_192c_16r_10549504_pt_location.txt
Loaded configuration from: /lustre09/project/6039459/vhenault/OCen_IMBH/Ocen_IMBH_analysis/results/run_outputs/starsACDEF_192c_16r_10549504_summary.md
Reference epoch: 55197.0 MJD (2010.0 yr)
Loaded chain: /lustre09/project/6039459/vhenault/OCen_IMBH/Ocen_IMBH_analysis/configs/../results/run_outputs/starsACDEF_192c_16r_10549504_chain.fits
MCMC chain (65536×83×1 Array{Float64, 3})
Star names from summary: A, C, D, E, F
[ Info: Preparing model
┌ Info: Determined number of free variables
└   D = 49
┌ Info: Determined number type
└   T = Float64
ℓπcallback(θ): 0.000038 seconds
∇ℓπcallback(θ): 0.001228 seconds (6 allocations: 180.969 KiB)

=== Posterior summaries (median, 68% CI) ===
Param                     Median  [     16%,      84%]
M_IMBH [10⁴ M☉]            7.836  [   6.723,    9.198]
plx [mas]                  0.191  [   0.187,    0.194]
offsetx [mas]           -356.077  [-456.609, -244.459]
offsety [mas]            273.761  [ 196.439,  433.610]
A: a [AU]               4670.115  [3277.193, 5877.463]
A: e                       0.139  [   0.038,    0.291]
A: i [°]                 109.773  [ 102.905,  119.297]
A: ω [°]                 -93.909  [-139.706,  -27.981]
A: Ω [°]                -127.855  [-133.009, -123.266]
C: a [AU]               5932.313  [3914.560, 8038.162]
C: e                       0.123  [   0.032,    0.306]
C: i [°]                  78.480  [  70.327,   84.992]
C: ω [°]                 -24.730  [-101.999,  129.550]
C: Ω [°]                -160.746  [-167.809,   15.415]
D: a [AU]              10240.469  [7730.333, 12537.813]
D: e                       0.124  [   0.030,    0.313]
D: i [°]                  70.152  [  65.684,   74.474]
D: ω [°]                  79.854  [  17.919,  128.408]
D: Ω [°]                 122.336  [ 116.675,  125.936]
E: a [AU]               7698.986  [6950.423, 8440.831]
E: e                       0.945  [   0.804,    0.974]
E: i [°]                 101.399  [  97.699,  107.270]
E: ω [°]                 160.795  [ 157.864,  164.979]
E: Ω [°]                 122.112  [ 120.203,  124.094]
F: a [AU]              15306.904  [13784.846, 18455.148]
F: e                       0.151  [   0.075,    0.199]
F: i [°]                  28.324  [  14.065,   41.227]
F: ω [°]                  10.634  [ -34.051,   40.235]
F: Ω [°]                 168.000  [ -10.617,  175.419]

Generating corner plot...
Corner plot saved.
Generating orbit panels...
Orbit panels saved.
Generating posterior panels...
Posterior panels saved.
Generating plausibility diagnostics...
Plausibility diagnostics saved.
Generating phase / acceleration-alignment diagnostics...
Phase / acceleration alignment diagnostics saved.
Generating RV consistency check...
RV consistency check saved.
Generating acceleration posterior predictive check...
Acceleration posterior predictive check saved.
Generating IMBH position density map...
IMBH position density map saved.
Generating 3D orbit animation...
3D orbit animation saved to: /lustre09/project/6039459/vhenault/OCen_IMBH/Ocen_IMBH_analysis/results/run_outputs/starsACDEF_192c_16r_10549504_orbits_3d.mp4
Posterior stats saved to: /lustre09/project/6039459/vhenault/OCen_IMBH/Ocen_IMBH_analysis/results/run_outputs/starsACDEF_192c_16r_10549504_posterior_stats.txt

Done. All plots written to: /lustre09/project/6039459/vhenault/OCen_IMBH/Ocen_IMBH_analysis/results/run_outputs
