Loaded config: /lustre09/project/6039459/vhenault/OCen_IMBH/Ocen_IMBH_analysis/configs/D_only.toml
[ Info: Preparing model
┌ Info: Determined number of free variables
└   D = 13
┌ Info: Determined number type
└   T = Float64
ℓπcallback(θ): 0.000016 seconds
∇ℓπcallback(θ): 0.000034 seconds (1 allocation: 32 bytes)
Run summary written to /lustre09/project/6039459/vhenault/OCen_IMBH/Ocen_IMBH_analysis/configs/../results/run_outputs/starsD_192c_15r_10036745_summary.md
┌ Warning: This model has priors that cannot be sampled IID.
└ @ OctofitterPigeonsExt /lustre09/project/6039459/vhenault/OCen_IMBH/Octofitter_imbh.jl/ext/OctofitterPigeonsExt/OctofitterPigeonsExt.jl:105
[ Info: Sampler running with multiple threads     : true
[ Info: Likelihood evaluated with multiple threads: false
┌ Info: Starting values not provided for all parameters! Guessing starting point using global optimization:
│   num_params = 13
└   num_fixed = 0
┌ Info: Found sample of initial positions
│   logpost_range = (-17.313938366865493, -7.581203463893246)
└   mean_logpost = -9.418020643950085
────────────────────────────────────────────────────────────────────────────────────────────────────────────────────────
  scans     restarts      Λ        Λ_var      time(s)    allc(B)  log(Z₁/Z₀)   min(α)     mean(α)    min(αₑ)   mean(αₑ) 
────────── ────────── ────────── ────────── ────────── ────────── ────────── ────────── ────────── ────────── ──────────
        2          0       3.68       4.87      0.906   6.86e+07  -2.02e+06          0      0.978          1          1 
        4          0       6.76       7.36      0.258   2.68e+06  -2.46e+05          0      0.963          1          1 
        8          0       8.05       9.01      0.524   5.49e+06      -74.9  4.57e-154      0.955          1          1 
       16          0       11.7       10.5       1.02   1.13e+07      -21.6   1.81e-08      0.942          1          1 
       32          0       11.3       11.8       2.05   2.02e+07      -15.2      0.396       0.94          1          1 
       64          0       11.9       6.34       4.42    8.4e+08      -53.4      0.813      0.952          1          1 
      128          0       12.3        6.7       8.27   1.68e+09      -42.1      0.871       0.95          1          1 
      256          0       12.6       6.86       17.2   3.42e+09        -41      0.892      0.949          1          1 
      512          3       12.7        7.1       35.8   6.79e+09        -40      0.902      0.948          1          1 
 1.02e+03         16       12.9       7.08       69.6   1.33e+10      -38.9      0.904      0.948          1          1 
 2.05e+03         48       13.1       7.42        144   2.64e+10      -36.9      0.916      0.946          1          1 
  4.1e+03         73       13.2       8.26        290   4.99e+10      -33.1      0.914      0.944          1          1 
 8.19e+03        195       13.2       9.65        584   9.48e+10      -30.2       0.84       0.94          1          1 
 1.64e+04        414       13.2       10.2   1.17e+03   1.83e+11      -28.8      0.854      0.939          1          1 
 3.28e+04        752       13.1       10.4   2.31e+03   3.62e+11      -28.1      0.927      0.939          1          1 
────────────────────────────────────────────────────────────────────────────────────────────────────────────────────────
MCMC chain (32768×23×1 Array{Float64, 3})
Loaded configuration from: /lustre09/project/6039459/vhenault/OCen_IMBH/Ocen_IMBH_analysis/results/run_outputs/starsD_192c_15r_10036745_summary.md
Reference epoch: 55197.0 MJD (2010.0 yr)
Loaded chain: /lustre09/project/6039459/vhenault/OCen_IMBH/Ocen_IMBH_analysis/configs/../results/run_outputs/starsD_192c_15r_10036745_chain.fits
MCMC chain (32768×23×1 Array{Float64, 3})
Star names from summary: D
[ Info: Preparing model
┌ Info: Determined number of free variables
└   D = 13
┌ Info: Determined number type
└   T = Float64
ℓπcallback(θ): 0.000011 seconds
∇ℓπcallback(θ): 0.000031 seconds (1 allocation: 32 bytes)

=== Posterior summaries (median, 68% CI) ===
Param                     Median  [     16%,      84%]
M_IMBH [10⁴ M☉]            6.790  [   4.027,    9.125]
plx [mas]                  0.190  [   0.186,    0.194]
offsetx [mas]            -12.298  [-928.688,  793.484]
offsety [mas]            595.949  [-1005.762, 1723.079]
D: a [AU]               7492.343  [4439.489, 12251.557]
D: e                       0.164  [   0.041,    0.466]
D: i [°]                  71.574  [  22.206,  145.480]
D: ω [°]                  -5.223  [-124.443,  116.190]
D: Ω [°]                  17.165  [ -79.865,  125.311]
Posterior stats saved to: /lustre09/project/6039459/vhenault/OCen_IMBH/Ocen_IMBH_analysis/results/run_outputs/starsD_192c_15r_10036745_posterior_stats.txt

Generating corner plot...
Corner plot saved.
Generating orbit panels...
Orbit panels saved.
Generating posterior panels...
Posterior panels saved.
Generating IMBH position density map...
IMBH position density map saved.
Generating 3D orbit animation...
3D orbit animation saved to: /lustre09/project/6039459/vhenault/OCen_IMBH/Ocen_IMBH_analysis/results/run_outputs/starsD_192c_15r_10036745_orbits_3d.mp4

Done. All plots written to: /lustre09/project/6039459/vhenault/OCen_IMBH/Ocen_IMBH_analysis/results/run_outputs
