Loaded config: /lustre09/project/6039459/vhenault/OCen_IMBH/Ocen_IMBH_analysis/configs/A_only.toml
[ Info: Preparing model
┌ Info: Determined number of free variables
└   D = 13
┌ Info: Determined number type
└   T = Float64
ℓπcallback(θ): 0.000016 seconds
∇ℓπcallback(θ): 0.000034 seconds (1 allocation: 32 bytes)
Run summary written to /lustre09/project/6039459/vhenault/OCen_IMBH/Ocen_IMBH_analysis/configs/../results/run_outputs/starsA_192c_15r_10036739_summary.md
┌ Warning: This model has priors that cannot be sampled IID.
└ @ OctofitterPigeonsExt /lustre09/project/6039459/vhenault/OCen_IMBH/Octofitter_imbh.jl/ext/OctofitterPigeonsExt/OctofitterPigeonsExt.jl:105
[ Info: Sampler running with multiple threads     : true
[ Info: Likelihood evaluated with multiple threads: false
┌ Info: Starting values not provided for all parameters! Guessing starting point using global optimization:
│   num_params = 13
└   num_fixed = 0
┌ Warning: Unrecognized stop reason: Too many steps (101) without any function evaluations (probably search has converged). Defaulting to ReturnCode.Default.
└ @ Optimization ~/.julia/packages/Optimization/lRtl8/src/utils.jl:93
┌ Info: Found sample of initial positions
│   logpost_range = (-12.365960850952538, -4.804295701096526)
└   mean_logpost = -5.93857520379323
────────────────────────────────────────────────────────────────────────────────────────────────────────────────────────
  scans     restarts      Λ        Λ_var      time(s)    allc(B)  log(Z₁/Z₀)   min(α)     mean(α)    min(αₑ)   mean(αₑ) 
────────── ────────── ────────── ────────── ────────── ────────── ────────── ────────── ────────── ────────── ──────────
        2          0       5.14       5.91      0.773   5.11e+07  -2.64e+07          0      0.971          1          1 
        4          0       9.17       7.58      0.259   2.68e+06  -5.72e+04          0      0.956          1          1 
        8          0       10.6       9.29      0.519   5.43e+06       -144          0      0.948          1          1 
       16          0       10.9         11       1.04   1.13e+07      -15.5      0.115      0.943          1          1 
       32          0       12.5         12       2.08   2.03e+07      -17.7      0.146      0.936          1          1 
       64          0       12.5        5.9       4.33   7.48e+08      -36.9      0.502      0.952          1          1 
      128          0       13.7        5.9       8.59   1.54e+09      -33.9      0.719      0.949          1          1 
      256          0       13.5       6.39       17.1   2.97e+09      -31.9      0.879      0.948          1          1 
      512          5       13.7       7.37       34.9   5.89e+09      -30.8      0.895      0.945          1          1 
 1.02e+03         16       13.6       7.73         71   1.15e+10      -29.7      0.911      0.944          1          1 
 2.05e+03         52       13.7       8.39        143   2.27e+10      -28.9      0.915      0.942          1          1 
  4.1e+03        114       13.7       8.92        285   4.51e+10      -28.3      0.879      0.941          1          1 
 8.19e+03        309       13.7       9.14        573   8.93e+10      -27.8      0.918       0.94          1          1 
 1.64e+04        570       13.8        9.5   1.15e+03   1.79e+11      -27.6      0.922      0.939          1          1 
 3.28e+04   1.09e+03       13.7       9.65    2.3e+03   3.59e+11      -27.4      0.924      0.939          1          1 
────────────────────────────────────────────────────────────────────────────────────────────────────────────────────────
MCMC chain (32768×23×1 Array{Float64, 3})
Loaded configuration from: /lustre09/project/6039459/vhenault/OCen_IMBH/Ocen_IMBH_analysis/results/run_outputs/starsA_192c_15r_10036739_summary.md
Reference epoch: 55197.0 MJD (2010.0 yr)
Loaded chain: /lustre09/project/6039459/vhenault/OCen_IMBH/Ocen_IMBH_analysis/configs/../results/run_outputs/starsA_192c_15r_10036739_chain.fits
MCMC chain (32768×23×1 Array{Float64, 3})
Star names from summary: A
[ Info: Preparing model
┌ Info: Determined number of free variables
└   D = 13
┌ Info: Determined number type
└   T = Float64
ℓπcallback(θ): 0.000010 seconds
∇ℓπcallback(θ): 0.000032 seconds (1 allocation: 32 bytes)

=== Posterior summaries (median, 68% CI) ===
Param                     Median  [     16%,      84%]
M_IMBH [10⁴ M☉]            7.962  [   5.647,    9.396]
plx [mas]                  0.191  [   0.187,    0.194]
offsetx [mas]           -443.259  [-809.153, -240.081]
offsety [mas]            192.216  [ -62.402,  741.261]
A: a [AU]               4928.510  [3378.550, 6374.136]
A: e                       0.111  [   0.027,    0.314]
A: i [°]                 111.105  [  89.160,  150.782]
A: ω [°]                  -4.302  [-122.288,  121.743]
A: Ω [°]                  12.553  [-127.471,   56.710]
Posterior stats saved to: /lustre09/project/6039459/vhenault/OCen_IMBH/Ocen_IMBH_analysis/results/run_outputs/starsA_192c_15r_10036739_posterior_stats.txt

Generating corner plot...
Corner plot saved.
Generating orbit panels...
Orbit panels saved.
Generating posterior panels...
Posterior panels saved.
Generating IMBH position density map...
IMBH position density map saved.
Generating 3D orbit animation...
3D orbit animation saved to: /lustre09/project/6039459/vhenault/OCen_IMBH/Ocen_IMBH_analysis/results/run_outputs/starsA_192c_15r_10036739_orbits_3d.mp4

Done. All plots written to: /lustre09/project/6039459/vhenault/OCen_IMBH/Ocen_IMBH_analysis/results/run_outputs
