Loaded config: /lustre09/project/6039459/vhenault/OCen_IMBH/Ocen_IMBH_analysis/configs/F_no_accel.toml
[ Info: Preparing model
┌ Info: Determined number of free variables
└   D = 13
┌ Info: Determined number type
└   T = Float64
ℓπcallback(θ): 0.000014 seconds
∇ℓπcallback(θ): 0.000036 seconds (1 allocation: 32 bytes)
Run summary written to /lustre09/project/6039459/vhenault/OCen_IMBH/Ocen_IMBH_analysis/configs/../results/run_outputs/starsF_192c_15r_10165586_summary.md
┌ Warning: This model has priors that cannot be sampled IID.
└ @ OctofitterPigeonsExt /lustre09/project/6039459/vhenault/OCen_IMBH/Octofitter_imbh.jl/ext/OctofitterPigeonsExt/OctofitterPigeonsExt.jl:105
[ Info: Sampler running with multiple threads     : true
[ Info: Likelihood evaluated with multiple threads: false
┌ Info: Starting values not provided for all parameters! Guessing starting point using global optimization:
│   num_params = 13
└   num_fixed = 0
┌ Info: Found sample of initial positions
│   logpost_range = (-25.804976472230297, -18.58373255688989)
└   mean_logpost = -19.66639981622742
────────────────────────────────────────────────────────────────────────────────────────────────────────────────────────
  scans     restarts      Λ        Λ_var      time(s)    allc(B)  log(Z₁/Z₀)   min(α)     mean(α)    min(αₑ)   mean(αₑ) 
────────── ────────── ────────── ────────── ────────── ────────── ────────── ────────── ────────── ────────── ──────────
        2          0       5.29       5.65      0.829   7.41e+07   -2.7e+04          0      0.971          1          1 
        4          0       5.39       6.53      0.257   2.68e+06  -1.32e+04          0      0.969          1          1 
        8          0       12.3       8.97      0.514   5.46e+06      -30.4      1e-06      0.945          1          1 
       16          0       11.7       11.4       1.03   1.12e+07      -34.8    1.1e-06       0.94      0.998          1 
       32          0       13.2       12.5       2.07   2.02e+07      -32.7     0.0769      0.933          1          1 
       64          0       12.7        5.8       4.42   7.99e+08      -60.2      0.805      0.952          1          1 
      128          0       13.3       6.14       8.29   1.63e+09      -54.5       0.81      0.949          1          1 
      256          0       13.6       6.38         17   3.25e+09      -51.9      0.886      0.948          1          1 
      512          4       13.8       7.13       34.2   6.29e+09      -48.7      0.865      0.945          1          1 
 1.02e+03         15       13.9       8.27       69.6   1.22e+10      -46.6      0.903      0.942          1          1 
 2.05e+03         48       13.8       8.86        142   2.39e+10      -44.8      0.914      0.941          1          1 
  4.1e+03        111       14.1        9.5        286   4.74e+10      -43.9        0.9      0.938          1          1 
 8.19e+03        194       14.1       10.2        574   9.31e+10      -43.1      0.886      0.937          1          1 
 1.64e+04        432         14       10.5   1.14e+03   1.84e+11      -42.8      0.922      0.936          1          1 
 3.28e+04        915       14.1       10.7    2.3e+03   3.63e+11      -42.6      0.921      0.935          1          1 
────────────────────────────────────────────────────────────────────────────────────────────────────────────────────────
MCMC chain (32768×23×1 Array{Float64, 3})
Loaded configuration from: /lustre09/project/6039459/vhenault/OCen_IMBH/Ocen_IMBH_analysis/results/run_outputs/starsF_192c_15r_10165586_summary.md
Reference epoch: 55197.0 MJD (2010.0 yr)
Loaded chain: /lustre09/project/6039459/vhenault/OCen_IMBH/Ocen_IMBH_analysis/configs/../results/run_outputs/starsF_192c_15r_10165586_chain.fits
MCMC chain (32768×23×1 Array{Float64, 3})
Star names from summary: F
[ Info: Preparing model
┌ Info: Determined number of free variables
└   D = 13
┌ Info: Determined number type
└   T = Float64
ℓπcallback(θ): 0.000011 seconds
∇ℓπcallback(θ): 0.000030 seconds (1 allocation: 32 bytes)

=== Posterior summaries (median, 68% CI) ===
Param                     Median  [     16%,      84%]
M_IMBH [10⁴ M☉]            4.611  [   2.346,    7.791]
plx [mas]                  0.190  [   0.186,    0.194]
offsetx [mas]           1300.185  [-323.740, 2382.463]
offsety [mas]           1024.775  [ 588.804, 1227.703]
F: a [AU]               7856.848  [3814.063, 13879.951]
F: e                       0.140  [   0.033,    0.336]
F: i [°]                  44.543  [  10.228,  103.131]
F: ω [°]                 -19.382  [-119.336,  118.013]
F: Ω [°]                  -5.113  [ -14.699,  170.500]

Generating corner plot...
Corner plot saved.
Generating orbit panels...
Orbit panels saved.
Generating posterior panels...
Posterior panels saved.
Generating plausibility diagnostics...
Plausibility diagnostics saved.
Generating phase / acceleration-alignment diagnostics...
Phase / acceleration alignment diagnostics saved.
Generating RV consistency check...
RV consistency check saved.
Generating IMBH position density map...
IMBH position density map saved.
Generating 3D orbit animation...
3D orbit animation saved to: /lustre09/project/6039459/vhenault/OCen_IMBH/Ocen_IMBH_analysis/results/run_outputs/starsF_192c_15r_10165586_orbits_3d.mp4
Posterior stats saved to: /lustre09/project/6039459/vhenault/OCen_IMBH/Ocen_IMBH_analysis/results/run_outputs/starsF_192c_15r_10165586_posterior_stats.txt

Done. All plots written to: /lustre09/project/6039459/vhenault/OCen_IMBH/Ocen_IMBH_analysis/results/run_outputs
