Loaded config: /lustre09/project/6039459/vhenault/OCen_IMBH/Ocen_IMBH_analysis/configs/noAccel.toml
[ Info: Preparing model
┌ Info: Determined number of free variables
└   D = 49
┌ Info: Determined number type
└   T = Float64
ℓπcallback(θ): 0.000041 seconds
∇ℓπcallback(θ): 0.002172 seconds (7 allocations: 181.047 KiB)
Run summary written to /lustre09/project/6039459/vhenault/OCen_IMBH/Ocen_IMBH_analysis/configs/../results/run_outputs/starsACDEF_192c_15r_10089002_summary.md
┌ Warning: This model has priors that cannot be sampled IID.
└ @ OctofitterPigeonsExt /lustre09/project/6039459/vhenault/OCen_IMBH/Octofitter_imbh.jl/ext/OctofitterPigeonsExt/OctofitterPigeonsExt.jl:105
[ Info: Sampler running with multiple threads     : true
[ Info: Likelihood evaluated with multiple threads: false
┌ Info: Starting values not provided for all parameters! Guessing starting point using global optimization:
│   num_params = 49
└   num_fixed = 0
┌ Info: Found sample of initial positions
│   logpost_range = (-195.71645483113684, -167.55279951368735)
└   mean_logpost = -170.05523994579286
────────────────────────────────────────────────────────────────────────────────────────────────────────────────────────
  scans     restarts      Λ        Λ_var      time(s)    allc(B)  log(Z₁/Z₀)   min(α)     mean(α)    min(αₑ)   mean(αₑ) 
────────── ────────── ────────── ────────── ────────── ────────── ────────── ────────── ────────── ────────── ──────────
        2          0       8.73       10.1      0.888   4.79e+07   -1.1e+08          0      0.951          1          1 
        4          0       16.7       12.1      0.598   2.87e+06  -7.11e+05          0      0.925          1          1 
        8          0       23.5       16.3        1.2   5.76e+06   -6.6e+04          0      0.896      0.999          1 
       16          0       26.5       20.3       2.34   1.14e+07       -670          0      0.878      0.999          1 
       32          0       28.4       23.3       4.76   1.99e+07       -543  8.59e-315      0.865          1          1 
       64          0       28.5       11.6        9.6   2.92e+09        752      0.559      0.895          1          1 
      128          0       29.2       12.1       19.5   6.07e+09       -301      0.682      0.892          1          1 
      256          0         30       12.4       37.6    1.2e+10       -295      0.762      0.889          1          1 
      512          0       30.3         13       82.2   2.41e+10       -291       0.77      0.887          1          1 
 1.02e+03          0       30.6       13.8        168   4.74e+10       -287      0.805      0.884          1          1 
 2.05e+03          7       30.8       14.8        340   9.41e+10       -282      0.807      0.881          1          1 
  4.1e+03         12         31       15.8        678   1.86e+11       -277      0.819      0.878          1          1 
 8.19e+03         21       31.5       20.1   1.36e+03   3.66e+11       -269      0.341      0.865          1          1 
 1.64e+04         32       32.1       24.3   2.73e+03   7.14e+11       -244      0.257      0.853          1          1 
 3.28e+04         44       32.6       23.1   5.46e+03   1.39e+12       -198      0.747      0.855          1          1 
────────────────────────────────────────────────────────────────────────────────────────────────────────────────────────
MCMC chain (32768×83×1 Array{Float64, 3})
Loaded configuration from: /lustre09/project/6039459/vhenault/OCen_IMBH/Ocen_IMBH_analysis/results/run_outputs/starsACDEF_192c_15r_10089002_summary.md
Reference epoch: 55197.0 MJD (2010.0 yr)
Loaded chain: /lustre09/project/6039459/vhenault/OCen_IMBH/Ocen_IMBH_analysis/configs/../results/run_outputs/starsACDEF_192c_15r_10089002_chain.fits
MCMC chain (32768×83×1 Array{Float64, 3})
Star names from summary: A, C, D, E, F
[ Info: Preparing model
┌ Info: Determined number of free variables
└   D = 49
┌ Info: Determined number type
└   T = Float64
ℓπcallback(θ): 0.000042 seconds
∇ℓπcallback(θ): 0.001479 seconds (6 allocations: 180.969 KiB)

=== Posterior summaries (median, 68% CI) ===
Param                     Median  [     16%,      84%]
M_IMBH [10⁴ M☉]            5.456  [   4.573,    6.291]
plx [mas]                  0.191  [   0.186,    0.195]
offsetx [mas]           -181.151  [-357.201,   -8.946]
offsety [mas]            697.880  [ 542.529,  845.656]
A: a [AU]              11668.696  [3885.711, 42018.701]
A: e                       0.833  [   0.549,    0.916]
A: i [°]                 135.800  [ 116.667,  157.649]
A: ω [°]                 -42.356  [-124.456,  110.631]
A: Ω [°]                 -39.353  [-130.127,   53.583]
C: a [AU]               5136.599  [3417.844, 18086.113]
C: e                       0.188  [   0.041,    0.749]
C: i [°]                  72.580  [  56.882,   81.500]
C: ω [°]                 -31.989  [-138.970,   99.880]
C: Ω [°]                  -4.199  [-163.250,   22.878]
D: a [AU]               5631.496  [2832.422, 7966.644]
D: e                       0.262  [   0.073,    0.510]
D: i [°]                  76.513  [  66.859,   84.494]
D: ω [°]                  74.874  [ -96.381,  122.216]
D: Ω [°]                 120.250  [ -56.058,  124.722]
E: a [AU]              10975.320  [9609.907, 13868.735]
E: e                       0.905  [   0.791,    0.960]
E: i [°]                  72.313  [  63.116,   79.402]
E: ω [°]                 151.555  [ 143.212,  160.818]
E: Ω [°]                 134.684  [ 131.583,  139.665]
F: a [AU]              15109.179  [12299.885, 24068.988]
F: e                       0.161  [   0.045,    0.442]
F: i [°]                  10.506  [   3.883,   28.994]
F: ω [°]                  50.653  [-102.574,  126.857]
F: Ω [°]                  12.621  [ -52.785,  165.544]

Generating corner plot...
Corner plot saved.
Generating orbit panels...
Orbit panels saved.
Generating posterior panels...
Posterior panels saved.
Generating plausibility diagnostics...
Plausibility diagnostics saved.
Generating phase / acceleration-alignment diagnostics...
Phase / acceleration alignment diagnostics saved.
Generating RV consistency check...
RV consistency check saved.
Generating IMBH position density map...
IMBH position density map saved.
Generating 3D orbit animation...
3D orbit animation saved to: /lustre09/project/6039459/vhenault/OCen_IMBH/Ocen_IMBH_analysis/results/run_outputs/starsACDEF_192c_15r_10089002_orbits_3d.mp4
Posterior stats saved to: /lustre09/project/6039459/vhenault/OCen_IMBH/Ocen_IMBH_analysis/results/run_outputs/starsACDEF_192c_15r_10089002_posterior_stats.txt

Done. All plots written to: /lustre09/project/6039459/vhenault/OCen_IMBH/Ocen_IMBH_analysis/results/run_outputs
