Loaded config: /lustre09/project/6039459/vhenault/OCen_IMBH/Ocen_IMBH_analysis/configs/wide_uniform_offset_centre.toml
[ Info: Preparing model
┌ Info: Determined number of free variables
└   D = 49
┌ Info: Determined number type
└   T = Float64
ℓπcallback(θ): 0.000038 seconds
∇ℓπcallback(θ): 0.002099 seconds (7 allocations: 181.047 KiB)
Run summary written to /lustre09/project/6039459/vhenault/OCen_IMBH/Ocen_IMBH_analysis/configs/../results/run_outputs/starsACDEF_192c_15r_9688743_summary.md
┌ Warning: This model has priors that cannot be sampled IID.
└ @ OctofitterPigeonsExt /lustre09/project/6039459/vhenault/OCen_IMBH/Octofitter_imbh.jl/ext/OctofitterPigeonsExt/OctofitterPigeonsExt.jl:105
[ Info: Sampler running with multiple threads     : true
[ Info: Likelihood evaluated with multiple threads: false
┌ Info: Starting values not provided for all parameters! Guessing starting point using global optimization:
│   num_params = 49
└   num_fixed = 0
┌ Info: Found sample of initial positions
│   logpost_range = (11.23613387144718, 22.953129623013908)
└   mean_logpost = 15.137328475792627
────────────────────────────────────────────────────────────────────────────────────────────────────────────────────────
  scans     restarts      Λ        Λ_var      time(s)    allc(B)  log(Z₁/Z₀)   min(α)     mean(α)    min(αₑ)   mean(αₑ) 
────────── ────────── ────────── ────────── ────────── ────────── ────────── ────────── ────────── ────────── ──────────
        2          0       6.99       8.11      0.985   7.81e+07  -2.84e+07          0      0.961          1          1 
        4          0       15.5       18.3      0.539   2.83e+06       -513          0      0.912          1          1 
        8          0       18.1       24.9       1.09   5.66e+06       -139          0      0.888          1          1 
       16          0         20       26.1       2.14   1.12e+07        -23          0       0.88          1          1 
       32          0         24       28.1       4.31   1.96e+07      -30.2   7.33e-18      0.864          1          1 
       64          0       26.1       11.1       9.16   2.91e+09       -281   4.53e-13      0.903          1          1 
      128          0       27.8       12.1       18.5   6.07e+09       -118     0.0423      0.896          1          1 
      256          0       29.8       12.8       34.7    1.2e+10       -114      0.158      0.889          1          1 
      512          0         30       13.3       69.9   2.41e+10       -110      0.603      0.887          1          1 
 1.02e+03          2       30.4       14.1        157   4.76e+10       -105      0.793      0.884          1          1 
 2.05e+03          4       30.4       15.3        298   9.44e+10       -100      0.812      0.881          1          1 
  4.1e+03         30       30.7       16.5        601   1.85e+11        -95      0.819      0.877          1          1 
 8.19e+03         69       30.8       17.2   1.26e+03   3.63e+11      -90.6      0.824      0.875          1          1 
 1.64e+04        109         31       18.4   2.52e+03   7.17e+11      -86.7      0.825      0.871          1          1 
 3.28e+04        224       31.2       18.8   5.06e+03   1.43e+12      -83.6      0.825      0.869          1          1 
────────────────────────────────────────────────────────────────────────────────────────────────────────────────────────
MCMC chain (32768×83×1 Array{Float64, 3})
Loaded configuration from: /lustre09/project/6039459/vhenault/OCen_IMBH/Ocen_IMBH_analysis/results/run_outputs/starsACDEF_192c_15r_9688743_summary.md
Reference epoch: 55197.0 MJD (2010.0 yr)
Loaded chain: /lustre09/project/6039459/vhenault/OCen_IMBH/Ocen_IMBH_analysis/configs/../results/run_outputs/starsACDEF_192c_15r_9688743_chain.fits
MCMC chain (32768×83×1 Array{Float64, 3})
Star names from summary: A, C, D, E, F
[ Info: Preparing model
┌ Info: Determined number of free variables
└   D = 49
┌ Info: Determined number type
└   T = Float64
ℓπcallback(θ): 0.000031 seconds
∇ℓπcallback(θ): 0.001248 seconds (6 allocations: 180.969 KiB)

=== Posterior summaries (median, 68% CI) ===
Param                     Median  [     16%,      84%]
M_IMBH [10⁴ M☉]           10.818  [   9.507,   11.693]
plx [mas]                  0.192  [   0.188,    0.196]
offsetx [mas]           -194.285  [-293.370,  -77.598]
offsety [mas]            590.122  [ 493.699,  673.253]
A: a [AU]               6256.010  [4957.712, 7507.134]
A: e                       0.112  [   0.025,    0.292]
A: i [°]                 111.391  [ 104.121,  117.736]
A: ω [°]                  38.371  [  -3.099,   93.557]
A: Ω [°]                  47.536  [  42.200,   51.467]
C: a [AU]               9393.738  [7035.259, 11728.483]
C: e                       0.134  [   0.034,    0.336]
C: i [°]                  80.417  [  74.847,   84.465]
C: ω [°]                 -74.937  [-127.568,    0.240]
C: Ω [°]                -162.255  [-165.143, -157.429]
D: a [AU]              13246.636  [8298.859, 16483.973]
D: e                       0.182  [   0.044,    0.424]
D: i [°]                  82.652  [  79.532,   83.965]
D: ω [°]                  87.759  [  37.508,  131.217]
D: Ω [°]                 122.309  [ 120.096,  124.530]
E: a [AU]              17072.487  [13104.570, 21733.626]
E: e                       0.299  [   0.135,    0.482]
E: i [°]                  86.935  [  85.933,   87.546]
E: ω [°]                  -3.555  [ -25.336,   13.614]
E: Ω [°]                 -52.042  [ -52.751,  -50.945]
F: a [AU]              13629.951  [10898.765, 16515.918]
F: e                       0.228  [   0.117,    0.347]
F: i [°]                  41.673  [  32.428,   50.296]
F: ω [°]                 -58.948  [-106.673,   92.779]
F: Ω [°]                   9.160  [ -41.572,  159.485]

Generating corner plot...
Corner plot saved.
Generating orbit panels...
Orbit panels saved.
Generating posterior panels...
Posterior panels saved.

Done. All plots written to: /lustre09/project/6039459/vhenault/OCen_IMBH/Ocen_IMBH_analysis/results/run_outputs
