Loaded config: /lustre09/project/6039459/vhenault/OCen_IMBH/Ocen_IMBH_analysis/configs/single_star_C.toml
[ Info: Preparing model
┌ Info: Determined number of free variables
└   D = 13
┌ Info: Determined number type
└   T = Float64
ℓπcallback(θ): 0.000013 seconds
∇ℓπcallback(θ): 0.000032 seconds (1 allocation: 32 bytes)
Run summary written to /lustre09/project/6039459/vhenault/OCen_IMBH/Ocen_IMBH_analysis/configs/../results/run_outputs/starsC_192c_15r_9722836_summary.md
┌ Warning: This model has priors that cannot be sampled IID.
└ @ OctofitterPigeonsExt /lustre09/project/6039459/vhenault/OCen_IMBH/Octofitter_imbh.jl/ext/OctofitterPigeonsExt/OctofitterPigeonsExt.jl:105
[ Info: Sampler running with multiple threads     : true
[ Info: Likelihood evaluated with multiple threads: false
┌ Info: Starting values not provided for all parameters! Guessing starting point using global optimization:
│   num_params = 13
└   num_fixed = 0
┌ Info: Found sample of initial positions
│   logpost_range = (-11.509125533225458, 2.924040736196069)
└   mean_logpost = -1.2428352026134144
────────────────────────────────────────────────────────────────────────────────────────────────────────────────────────
  scans     restarts      Λ        Λ_var      time(s)    allc(B)  log(Z₁/Z₀)   min(α)     mean(α)    min(αₑ)   mean(αₑ) 
────────── ────────── ────────── ────────── ────────── ────────── ────────── ────────── ────────── ────────── ──────────
        2          0       5.37       4.78        0.7   5.68e+07  -9.44e+06          0      0.974          1          1 
        4          0       7.17       7.24      0.259   2.68e+06  -1.19e+05          0      0.962          1          1 
        8          0       9.64       8.66       0.52   5.49e+06        -21  2.72e-310      0.952          1          1 
       16          0       11.1       10.9       1.04   1.13e+07      -7.72     0.0476      0.943          1          1 
       32          0       12.7       11.8       2.08   2.02e+07      -10.5       0.24      0.936          1          1 
       64          0       12.6       6.69       4.45   7.17e+08      -23.4      0.397       0.95          1          1 
      128          0       12.5       6.39        8.5   1.43e+09        -21      0.812      0.951          1          1 
      256          0         13       7.04       17.7   2.83e+09      -20.5      0.858      0.948          1          1 
      512          5       13.3       7.72       34.2   5.65e+09      -19.8        0.9      0.945          1          1 
 1.02e+03         20       13.2       8.37       70.4   1.12e+10      -19.2      0.888      0.944          1          1 
 2.05e+03         65       13.3       8.75        139    2.2e+10      -18.6      0.912      0.942          1          1 
  4.1e+03        143       13.3        8.9        285   4.39e+10      -18.3      0.916      0.942          1          1 
 8.19e+03        274       13.3       9.54        574   8.88e+10      -17.4      0.911       0.94          1          1 
 1.64e+04        513       13.2       9.91   1.15e+03    1.8e+11        -17      0.902       0.94          1          1 
 3.28e+04        940       13.2       9.97   2.29e+03   3.58e+11      -16.9      0.925      0.939          1          1 
────────────────────────────────────────────────────────────────────────────────────────────────────────────────────────
MCMC chain (32768×23×1 Array{Float64, 3})
Loaded configuration from: /lustre09/project/6039459/vhenault/OCen_IMBH/Ocen_IMBH_analysis/results/run_outputs/starsC_192c_15r_9722836_summary.md
Reference epoch: 55197.0 MJD (2010.0 yr)
Loaded chain: /lustre09/project/6039459/vhenault/OCen_IMBH/Ocen_IMBH_analysis/configs/../results/run_outputs/starsC_192c_15r_9722836_chain.fits
MCMC chain (32768×23×1 Array{Float64, 3})
Star names from summary: C
[ Info: Preparing model
┌ Info: Determined number of free variables
└   D = 13
┌ Info: Determined number type
└   T = Float64
ℓπcallback(θ): 0.000008 seconds
∇ℓπcallback(θ): 0.000141 seconds (1 allocation: 32 bytes)

=== Posterior summaries (median, 68% CI) ===
Param                     Median  [     16%,      84%]
M_IMBH [10⁴ M☉]            9.539  [   6.831,   11.284]
plx [mas]                  0.190  [   0.187,    0.194]
offsetx [mas]           -331.612  [-1182.554,  744.616]
offsety [mas]            653.982  [ 268.016,  986.854]
C: a [AU]               8159.638  [5267.990, 10977.088]
C: e                       0.121  [   0.031,    0.320]
C: i [°]                  83.610  [  36.323,  116.454]
C: ω [°]                  -7.637  [-121.566,  126.978]
C: Ω [°]                  -4.391  [-163.213,   28.351]

Generating corner plot...
Corner plot saved.
Generating orbit panels...
Orbit panels saved.
Generating posterior panels...
Posterior panels saved.

Done. All plots written to: /lustre09/project/6039459/vhenault/OCen_IMBH/Ocen_IMBH_analysis/results/run_outputs
