Loaded config: /lustre09/project/6039459/vhenault/OCen_IMBH/Ocen_IMBH_analysis/configs/D_no_accel.toml
[ Info: Preparing model
┌ Info: Determined number of free variables
└   D = 13
┌ Info: Determined number type
└   T = Float64
ℓπcallback(θ): 0.000014 seconds
∇ℓπcallback(θ): 0.000033 seconds (1 allocation: 32 bytes)
Run summary written to /lustre09/project/6039459/vhenault/OCen_IMBH/Ocen_IMBH_analysis/configs/../results/run_outputs/starsD_192c_15r_10165571_summary.md
┌ Warning: This model has priors that cannot be sampled IID.
└ @ OctofitterPigeonsExt /lustre09/project/6039459/vhenault/OCen_IMBH/Octofitter_imbh.jl/ext/OctofitterPigeonsExt/OctofitterPigeonsExt.jl:105
[ Info: Sampler running with multiple threads     : true
[ Info: Likelihood evaluated with multiple threads: false
┌ Info: Starting values not provided for all parameters! Guessing starting point using global optimization:
│   num_params = 13
└   num_fixed = 0
┌ Info: Found sample of initial positions
│   logpost_range = (-18.43385327287983, -12.115140940695465)
└   mean_logpost = -13.595246409675594
────────────────────────────────────────────────────────────────────────────────────────────────────────────────────────
  scans     restarts      Λ        Λ_var      time(s)    allc(B)  log(Z₁/Z₀)   min(α)     mean(α)    min(αₑ)   mean(αₑ) 
────────── ────────── ────────── ────────── ────────── ────────── ────────── ────────── ────────── ────────── ──────────
        2          0       4.83        3.7      0.979   8.57e+07  -8.03e+04          0      0.978          1          1 
        4          0       7.05       6.81      0.284   2.68e+06  -3.46e+03          0      0.964          1          1 
        8          0       7.69       8.63      0.553   5.49e+06       -672          0      0.957          1          1 
       16          0       11.2       10.7       1.08   1.12e+07      -78.2   3.89e-53      0.943          1          1 
       32          0       12.2       11.4       2.14   2.05e+07      -22.5      0.189      0.938          1          1 
       64          0       11.6       5.58       4.42   7.88e+08        -53       0.56      0.955          1          1 
      128          0       12.5        5.3       8.91    1.6e+09      -42.7      0.804      0.953          1          1 
      256          0       12.6       5.81       17.9   3.14e+09        -41      0.846      0.952          1          1 
      512          0       12.7       7.19       37.2   6.23e+09      -39.2      0.798      0.948          1          1 
 1.02e+03         11         13       7.71       73.7    1.2e+10      -36.9      0.901      0.946          1          1 
 2.05e+03         41       13.1       8.38        146   2.38e+10      -35.6      0.914      0.944          1          1 
  4.1e+03         94       13.1       9.03        295   4.62e+10      -33.9      0.912      0.942          1          1 
 8.19e+03        249       13.2       9.42        589   9.06e+10        -33      0.914      0.941          1          1 
 1.64e+04        504       13.2       9.77   1.18e+03    1.8e+11      -32.5      0.924       0.94          1          1 
 3.28e+04        855       13.1         10   2.35e+03   3.63e+11      -32.1      0.925       0.94          1          1 
────────────────────────────────────────────────────────────────────────────────────────────────────────────────────────
MCMC chain (32768×23×1 Array{Float64, 3})
Loaded configuration from: /lustre09/project/6039459/vhenault/OCen_IMBH/Ocen_IMBH_analysis/results/run_outputs/starsD_192c_15r_10165571_summary.md
Reference epoch: 55197.0 MJD (2010.0 yr)
Loaded chain: /lustre09/project/6039459/vhenault/OCen_IMBH/Ocen_IMBH_analysis/configs/../results/run_outputs/starsD_192c_15r_10165571_chain.fits
MCMC chain (32768×23×1 Array{Float64, 3})
Star names from summary: D
[ Info: Preparing model
┌ Info: Determined number of free variables
└   D = 13
┌ Info: Determined number type
└   T = Float64
ℓπcallback(θ): 0.000015 seconds
∇ℓπcallback(θ): 0.000035 seconds (1 allocation: 32 bytes)

=== Posterior summaries (median, 68% CI) ===
Param                     Median  [     16%,      84%]
M_IMBH [10⁴ M☉]            5.763  [   3.178,    8.300]
plx [mas]                  0.190  [   0.186,    0.194]
offsetx [mas]           -124.969  [-784.430,  285.578]
offsety [mas]            684.039  [-273.560, 1571.326]
D: a [AU]               6245.721  [3339.138, 10851.749]
D: e                       0.138  [   0.032,    0.374]
D: i [°]                  75.685  [  34.452,  125.269]
D: ω [°]                  -7.658  [-124.957,  120.357]
D: Ω [°]                  52.790  [ -63.628,  131.263]

Generating corner plot...
Corner plot saved.
Generating orbit panels...
Orbit panels saved.
Generating posterior panels...
Posterior panels saved.
Generating plausibility diagnostics...
Plausibility diagnostics saved.
Generating phase / acceleration-alignment diagnostics...
Phase / acceleration alignment diagnostics saved.
No stars with RV data; skipping RV consistency check.
Generating IMBH position density map...
IMBH position density map saved.
Generating 3D orbit animation...
3D orbit animation saved to: /lustre09/project/6039459/vhenault/OCen_IMBH/Ocen_IMBH_analysis/results/run_outputs/starsD_192c_15r_10165571_orbits_3d.mp4
Posterior stats saved to: /lustre09/project/6039459/vhenault/OCen_IMBH/Ocen_IMBH_analysis/results/run_outputs/starsD_192c_15r_10165571_posterior_stats.txt

Done. All plots written to: /lustre09/project/6039459/vhenault/OCen_IMBH/Ocen_IMBH_analysis/results/run_outputs
