Loaded config: /lustre09/project/6039459/vhenault/OCen_IMBH/Ocen_IMBH_analysis/configs/A_no_accel.toml
[ Info: Preparing model
┌ Info: Determined number of free variables
└   D = 13
┌ Info: Determined number type
└   T = Float64
ℓπcallback(θ): 0.000015 seconds
∇ℓπcallback(θ): 0.000059 seconds (1 allocation: 32 bytes)
Run summary written to /lustre09/project/6039459/vhenault/OCen_IMBH/Ocen_IMBH_analysis/configs/../results/run_outputs/starsA_192c_15r_10165564_summary.md
┌ Warning: This model has priors that cannot be sampled IID.
└ @ OctofitterPigeonsExt /lustre09/project/6039459/vhenault/OCen_IMBH/Octofitter_imbh.jl/ext/OctofitterPigeonsExt/OctofitterPigeonsExt.jl:105
[ Info: Sampler running with multiple threads     : true
[ Info: Likelihood evaluated with multiple threads: false
┌ Info: Starting values not provided for all parameters! Guessing starting point using global optimization:
│   num_params = 13
└   num_fixed = 0
┌ Info: Found sample of initial positions
│   logpost_range = (-20.12474227916607, -13.258158985076768)
└   mean_logpost = -15.260449215146007
────────────────────────────────────────────────────────────────────────────────────────────────────────────────────────
  scans     restarts      Λ        Λ_var      time(s)    allc(B)  log(Z₁/Z₀)   min(α)     mean(α)    min(αₑ)   mean(αₑ) 
────────── ────────── ────────── ────────── ────────── ────────── ────────── ────────── ────────── ────────── ──────────
        2          0       6.08       5.22       0.78   9.73e+07   -1.1e+04          0       0.97          1          1 
        4          0       8.09       8.11      0.254   2.68e+06  -3.42e+04          0      0.958          1          1 
        8          0       9.63       10.2      0.508   5.47e+06      -95.7          0      0.948          1          1 
       16          0       11.4         11       1.02   1.12e+07      -31.5   2.24e-05      0.941          1          1 
       32          0       12.7       12.9       2.05   2.02e+07      -30.7      0.134      0.933          1          1 
       64          0       13.1       5.69        4.4   7.01e+08      -38.3      0.495      0.951          1          1 
      128          0       13.6       6.32       8.66   1.41e+09      -38.1      0.745      0.948          1          1 
      256          1       13.9       6.67       17.7   2.76e+09      -37.6      0.875      0.946          1          1 
      512          1       13.7       7.24       36.1   5.46e+09      -37.1      0.835      0.945          1          1 
 1.02e+03         12       13.8       8.62       72.6   1.11e+10      -36.4      0.836      0.941          1          1 
 2.05e+03         52       13.6       8.94        146   2.19e+10      -35.6      0.912      0.941          1          1 
  4.1e+03        121       13.7       9.25        299    4.4e+10      -34.9      0.918       0.94          1          1 
 8.19e+03        293       13.7       9.58        602   8.82e+10      -34.3       0.92      0.939          1          1 
 1.64e+04        568       13.7       9.94   1.21e+03   1.77e+11      -33.8      0.903      0.938          1          1 
 3.28e+04   1.13e+03       13.6       10.1   2.41e+03   3.53e+11      -33.7      0.925      0.938          1          1 
────────────────────────────────────────────────────────────────────────────────────────────────────────────────────────
MCMC chain (32768×23×1 Array{Float64, 3})
Loaded configuration from: /lustre09/project/6039459/vhenault/OCen_IMBH/Ocen_IMBH_analysis/results/run_outputs/starsA_192c_15r_10165564_summary.md
Reference epoch: 55197.0 MJD (2010.0 yr)
Loaded chain: /lustre09/project/6039459/vhenault/OCen_IMBH/Ocen_IMBH_analysis/configs/../results/run_outputs/starsA_192c_15r_10165564_chain.fits
MCMC chain (32768×23×1 Array{Float64, 3})
Star names from summary: A
[ Info: Preparing model
┌ Info: Determined number of free variables
└   D = 13
┌ Info: Determined number type
└   T = Float64
ℓπcallback(θ): 0.000014 seconds
∇ℓπcallback(θ): 0.000035 seconds (1 allocation: 32 bytes)

=== Posterior summaries (median, 68% CI) ===
Param                     Median  [     16%,      84%]
M_IMBH [10⁴ M☉]            7.469  [   4.688,    9.318]
plx [mas]                  0.190  [   0.187,    0.194]
offsetx [mas]           -260.728  [-724.973,  144.516]
offsety [mas]            -39.632  [-547.115,  578.399]
A: a [AU]               4297.321  [2407.310, 6186.268]
A: e                       0.128  [   0.030,    0.377]
A: i [°]                  91.144  [  39.498,  143.559]
A: ω [°]                  -2.454  [-116.809,  121.166]
A: Ω [°]                  -2.661  [-127.847,   59.498]

Generating corner plot...
Corner plot saved.
Generating orbit panels...
Orbit panels saved.
Generating posterior panels...
Posterior panels saved.
Generating plausibility diagnostics...
Plausibility diagnostics saved.
Generating phase / acceleration-alignment diagnostics...
Phase / acceleration alignment diagnostics saved.
No stars with RV data; skipping RV consistency check.
Generating IMBH position density map...
IMBH position density map saved.
Generating 3D orbit animation...
3D orbit animation saved to: /lustre09/project/6039459/vhenault/OCen_IMBH/Ocen_IMBH_analysis/results/run_outputs/starsA_192c_15r_10165564_orbits_3d.mp4
Posterior stats saved to: /lustre09/project/6039459/vhenault/OCen_IMBH/Ocen_IMBH_analysis/results/run_outputs/starsA_192c_15r_10165564_posterior_stats.txt

Done. All plots written to: /lustre09/project/6039459/vhenault/OCen_IMBH/Ocen_IMBH_analysis/results/run_outputs
