Loaded configuration from: /lustre09/project/6039459/vhenault/OCen_IMBH/Ocen_IMBH_analysis/results/run_outputs/starsACDEF_192c_15r_9781546_summary.md
Reference epoch: 55197.0 MJD (2010.0 yr)
Loaded chain: starsACDEF_192c_15r_9781546_chain.fits
MCMC chain (32768×83×1 Array{Float64, 3})
Star names from summary: A, C, D, E, F
ℓπcallback(θ): 0.000039 seconds
∇ℓπcallback(θ): 0.002104 seconds (7 allocations: 181.047 KiB)

=== Posterior summaries (median, 68% CI) ===
Param                     Median  [     16%,      84%]
M_IMBH [10⁴ M☉]           10.853  [   9.459,   11.687]
plx [mas]                  0.191  [   0.188,    0.196]
offsetx [mas]           -233.169  [-368.715, -125.799]
offsety [mas]            614.260  [ 532.747,  730.331]
A: a [AU]               6573.145  [5421.395, 7976.574]
A: e                       0.085  [   0.021,    0.303]
A: i [°]                 113.875  [ 106.040,  121.253]
A: ω [°]                -120.736  [-157.922,  124.712]
A: Ω [°]                -132.998  [-139.115, -126.305]
C: a [AU]               9605.121  [6693.075, 11524.940]
C: e                       0.128  [   0.032,    0.349]
C: i [°]                  81.518  [  77.820,   86.997]
C: ω [°]                 -81.583  [-133.161,  -19.897]
C: Ω [°]                -162.532  [-165.076, -159.718]
D: a [AU]              14229.282  [10618.683, 17208.513]
D: e                       0.128  [   0.033,    0.337]
D: i [°]                  83.183  [  81.042,   84.197]
D: ω [°]                  83.611  [  24.093,  133.744]
D: Ω [°]                 122.071  [ 119.932,  123.914]
E: a [AU]              13855.941  [11518.142, 16526.885]
E: e                       0.892  [   0.863,    0.926]
E: i [°]                  82.765  [  81.627,   83.676]
E: ω [°]                  27.054  [  23.800,   29.553]
E: Ω [°]                 -56.013  [ -56.792,  -54.828]
F: a [AU]              20145.864  [16820.018, 22444.959]
F: e                       0.060  [   0.019,    0.128]
F: i [°]                  52.840  [  46.757,   56.563]
F: ω [°]                  66.547  [ -79.430,  104.469]
F: Ω [°]                 170.536  [  -8.820,  172.745]
Posterior stats saved to: /lustre09/project/6039459/vhenault/OCen_IMBH/Ocen_IMBH_analysis/results/run_outputs/starsACDEF_192c_15r_9781546_posterior_stats.txt

Generating corner plot...
Corner plot saved.
Generating orbit panels...
Orbit panels saved.
Generating posterior panels...
Posterior panels saved.
Generating 3D orbit animation...
