Loaded configuration from: /lustre09/project/6039459/vhenault/OCen_IMBH/Ocen_IMBH_analysis/results/run_outputs/starsACDEF_192c_15r_9927880_summary.md
Reference epoch: 55197.0 MJD (2010.0 yr)
Loaded chain: starsACDEF_192c_15r_9927880_chain.fits
MCMC chain (32768×83×1 Array{Float64, 3})
Star names from summary: A, C, D, E, F
ℓπcallback(θ): 0.000296 seconds
∇ℓπcallback(θ): 0.004525 seconds (7 allocations: 181.047 KiB)

=== Posterior summaries (median, 68% CI) ===
Param                     Median  [     16%,      84%]
M_IMBH [10⁴ M☉]            4.808  [   4.314,    5.268]
plx [mas]                  0.190  [   0.186,    0.194]
offsetx [mas]            146.602  [  82.087,  233.239]
offsety [mas]            500.034  [ 460.789,  549.394]
A: a [AU]               8385.443  [6072.867, 11237.172]
A: e                       0.755  [   0.667,    0.824]
A: i [°]                 108.420  [ 103.050,  112.871]
A: ω [°]                 -31.810  [ -45.912,  -13.132]
A: Ω [°]                  52.563  [  48.882,   57.031]
C: a [AU]               4067.645  [3303.116, 4833.202]
C: e                       0.097  [   0.032,    0.201]
C: i [°]                  33.948  [  22.715,   48.995]
C: ω [°]                  26.170  [-107.900,  122.684]
C: Ω [°]                  -1.446  [-157.075,   55.224]
D: a [AU]               3214.785  [2336.184, 5736.760]
D: e                       0.196  [   0.050,    0.447]
D: i [°]                  75.428  [  69.317,   78.367]
D: ω [°]                  56.068  [  21.855,   99.292]
D: Ω [°]                 130.412  [ 124.476,  142.700]
E: a [AU]              10759.692  [9482.371, 12239.793]
E: e                       0.982  [   0.974,    0.986]
E: i [°]                  28.047  [  25.252,   31.093]
E: ω [°]                  55.039  [  52.488,   59.370]
E: Ω [°]                -106.819  [-111.136, -103.797]
F: a [AU]              13214.124  [11394.052, 16090.985]
F: e                       0.199  [   0.128,    0.299]
F: i [°]                  10.920  [   4.396,   21.745]
F: ω [°]                 111.068  [ -68.871,  147.168]
F: Ω [°]                 -15.016  [ -60.032,   55.500]

Generating corner plot...
Corner plot saved.
Generating orbit panels...
Orbit panels saved.
Generating posterior panels...
Posterior panels saved.
Generating plausibility diagnostics...
Plausibility diagnostics saved.
Generating phase / acceleration-alignment diagnostics...
Phase / acceleration alignment diagnostics saved.
Generating RV consistency check...
RV consistency check saved.
Generating IMBH position density map...
IMBH position density map saved.
Generating 3D orbit animation...
3D orbit animation saved to: /lustre09/project/6039459/vhenault/OCen_IMBH/Ocen_IMBH_analysis/results/run_outputs/starsACDEF_192c_15r_9927880_orbits_3d.mp4
Posterior stats saved to: /lustre09/project/6039459/vhenault/OCen_IMBH/Ocen_IMBH_analysis/results/run_outputs/starsACDEF_192c_15r_9927880_posterior_stats.txt

Done. All plots written to: /lustre09/project/6039459/vhenault/OCen_IMBH/Ocen_IMBH_analysis/results/run_outputs
