ℓπcallback(θ): 0.000066 seconds
∇ℓπcallback(θ): 0.003166 seconds (7 allocations: 181.062 KiB)
Model compiled. Number of free parameters: 49
Fresh run
────────────────────────────────────────────────────────────────────────────────────────────────────────────────────────
  scans     restarts      Λ        Λ_var      time(s)    allc(B)  log(Z₁/Z₀)   min(α)     mean(α)    min(αₑ)   mean(αₑ) 
────────── ────────── ────────── ────────── ────────── ────────── ────────── ────────── ────────── ────────── ──────────
        2          0       10.3       7.74       1.42   9.65e+07  -2.16e+08          0      0.953          1          1 
        4          0       14.8       13.3      0.895   2.73e+06  -7.62e+05          0      0.927          1          1 
        8          0       20.1       19.3       1.81   5.52e+06  -6.05e+04          0      0.897          1          1 
       16          0       21.9       23.8       3.62   1.11e+07  -4.42e+03          0      0.881          1          1 
       32          0       25.6       25.7       7.19   1.92e+07       -715  5.93e-322      0.866          1          1 
       64          0         28       11.2       16.7   3.01e+09       -893   6.28e-53      0.898          1          1 
      128          0       31.5       11.3       32.6   6.19e+09       -754   7.69e-07      0.888          1          1 
      256          0         33       11.9       65.2   1.25e+10       -749     0.0581      0.883          1          1 
      512          0       35.1       12.2        131   2.48e+10       -745      0.334      0.877          1          1 
 1.02e+03          0         36       12.8        261   4.93e+10       -740      0.696      0.872          1          1 
 2.05e+03          6       36.9       13.3        526   9.82e+10       -736      0.729      0.869          1          1 
  4.1e+03         21       36.8       13.7   1.05e+03   1.94e+11       -732      0.767      0.868          1          1 
 8.19e+03         47       36.9       14.3   2.08e+03   3.87e+11       -728      0.777      0.866          1          1 
 1.64e+04        133         37       15.1   4.15e+03   7.71e+11       -724      0.769      0.864          1          1 
 3.28e+04        287       36.9       15.7    8.3e+03   1.53e+12       -721      0.791      0.863          1          1 
 6.55e+04        800         37         16   1.65e+04   3.02e+12       -719      0.795      0.861          1          1 
────────────────────────────────────────────────────────────────────────────────────────────────────────────────────────
PT folder: /home/kenzhayd/projects/def-vhenault/kenzhayd/mock_cluster/results/all/2026-05-03-18-20-19-2VUAjvPu

=== IMBH MASS RECOVERY? ===
True mass: 63730.0
Recovered median M [M☉]: [99675.76383002834, 99969.12052588764]
