ℓπcallback(θ): 0.000071 seconds
∇ℓπcallback(θ): 0.009109 seconds (7 allocations: 181.062 KiB)
Model compiled. Number of free parameters: 49
Fresh run
────────────────────────────────────────────────────────────────────────────────────────────────────────────────────────
  scans     restarts      Λ        Λ_var      time(s)    allc(B)  log(Z₁/Z₀)   min(α)     mean(α)    min(αₑ)   mean(αₑ) 
────────── ────────── ────────── ────────── ────────── ────────── ────────── ────────── ────────── ────────── ──────────
        2          0       8.35       10.4        1.1   4.35e+07  -3.96e+07          0      0.951          1          1 
        4          0       15.2       11.6      0.897   2.74e+06  -2.06e+06          0       0.93          1          1 
        8          0       16.7       18.1       1.86   5.57e+06  -1.21e+05          0      0.909          1          1 
       16          0       20.8       18.3       3.67   1.12e+07  -1.93e+03          0      0.898          1          1 
       32          0         24       24.8        7.3   1.94e+07  -1.94e+03  7.05e-213      0.873          1          1 
       64          0       28.5       12.9       16.8   2.98e+09  -2.24e+03   4.37e-33      0.892          1          1 
      128          0       32.7       13.1       33.6   6.17e+09  -1.98e+03   0.000109       0.88          1          1 
      256          0       36.7       12.7       67.5   1.24e+10  -1.97e+03     0.0598      0.871          1          1 
      512          0         38       12.9        135   2.49e+10  -1.96e+03       0.33      0.867          1          1 
 1.02e+03          0       37.8       13.8        268   4.96e+10  -1.94e+03      0.677      0.865          1          1 
 2.05e+03          0       37.8       14.9        530   9.95e+10  -1.92e+03       0.76      0.863          1          1 
  4.1e+03          3       37.7       15.8   1.06e+03   1.97e+11  -1.89e+03      0.636       0.86          1          1 
 8.19e+03         32       37.9       18.7   2.07e+03   3.92e+11  -1.85e+03      0.374      0.852          1          1 
 1.64e+04         49       38.4       19.7   4.13e+03   7.51e+11  -1.81e+03       0.67      0.848          1          1 
 3.28e+04        276       38.4       17.9   8.25e+03   1.49e+12  -1.79e+03       0.77      0.853          1          1 
 6.55e+04        987       38.4       17.6   1.65e+04   2.98e+12  -1.79e+03      0.781      0.854          1          1 
────────────────────────────────────────────────────────────────────────────────────────────────────────────────────────
PT folder: /home/kenzhayd/projects/def-vhenault/kenzhayd/mock_cluster/results/all/2026-05-03-18-31-48-qUbwbQJW

=== IMBH MASS RECOVERY? ===
True mass: 63730.0
Recovered median M [M☉]: [99895.83420256905, 99990.16655270911]
